Using pre-set license
Built from '2020.2/release' branch; Version is '2020.2.2f1 (068178b99f32) revision 426360'; Using compiler version '192528614'; Build Type 'Release'
OS: 'Windows 10 Home; OS build 19042.1288; Version 2009; 64bit' Language: 'en' Physical Memory: 16344 MB
BatchMode: 1, IsHumanControllingUs: 0, StartBugReporterOnCrash: 0, Is64bit: 1, IsPro: 0

 COMMAND LINE ARGUMENTS:
D:\Program Files\Unity\2020.2.2f1\Editor\Unity.exe
-adb2
-batchMode
-noUpm
-name
AssetImportWorker0
-projectPath
C:/Users/julia/Documents/GitHub/Shader Assessment
-logFile
Logs/AssetImportWorker0.log
-srvPort
59279
Successfully changed project path to: C:/Users/julia/Documents/GitHub/Shader Assessment
C:/Users/julia/Documents/GitHub/Shader Assessment
Using Asset Import Pipeline V2.
Refreshing native plugins compatible for Editor in 20.31 ms, found 0 plugins.
Preloading 0 native plugins for Editor in 0.00 ms.
Initialize engine version: 2020.2.2f1 (068178b99f32)
[Subsystems] Discovering subsystems at path D:/Program Files/Unity/2020.2.2f1/Editor/Data/Resources/UnitySubsystems
[Subsystems] Discovering subsystems at path C:/Users/julia/Documents/GitHub/Shader Assessment/Assets
GfxDevice: creating device client; threaded=0
Direct3D:
    Version:  Direct3D 11.0 [level 11.1]
    Renderer: NVIDIA GeForce GTX 1070 Ti (ID=0x1b82)
    Vendor:   
    VRAM:     8079 MB
    Driver:   30.0.14.7212
Initialize mono
Mono path[0] = 'D:/Program Files/Unity/2020.2.2f1/Editor/Data/Managed'
Mono path[1] = 'D:/Program Files/Unity/2020.2.2f1/Editor/Data/MonoBleedingEdge/lib/mono/unityjit'
Mono config path = 'D:/Program Files/Unity/2020.2.2f1/Editor/Data/MonoBleedingEdge/etc'
Using monoOptions --debugger-agent=transport=dt_socket,embedding=1,server=y,suspend=n,address=127.0.0.1:56252
Begin MonoManager ReloadAssembly
Registering precompiled unity dll's ...
Register platform support module: D:/Program Files/Unity/2020.2.2f1/Editor/Data/PlaybackEngines/WindowsStandaloneSupport/UnityEditor.WindowsStandalone.Extensions.dll
Registered in 0.001735 seconds.
Native extension for WindowsStandalone target not found
Refreshing native plugins compatible for Editor in 24.60 ms, found 0 plugins.
Preloading 0 native plugins for Editor in 0.00 ms.
Invoked RoslynAnalysisRunner static constructor.
RoslynAnalysisRunner will not be running.
RoslynAnalysisRunner has terminated.
Mono: successfully reloaded assembly
- Completed reload, in  2.031 seconds
Platform modules already initialized, skipping
Registering precompiled user dll's ...
Registered in 0.000693 seconds.
Begin MonoManager ReloadAssembly
Native extension for WindowsStandalone target not found
Refreshing native plugins compatible for Editor in 0.27 ms, found 0 plugins.
Preloading 0 native plugins for Editor in 0.00 ms.
Invoked RoslynAnalysisRunner static constructor.
RoslynAnalysisRunner will not be running.
RoslynAnalysisRunner has terminated.
Mono: successfully reloaded assembly
- Completed reload, in  0.712 seconds
Platform modules already initialized, skipping
========================================================================
Worker process is ready to serve import requests
Launched and connected shader compiler UnityShaderCompiler.exe after 0.04 seconds
Refreshing native plugins compatible for Editor in 0.17 ms, found 0 plugins.
Preloading 0 native plugins for Editor in 0.00 ms.
Unloading 1100 Unused Serialized files (Serialized files now loaded: 0)
System memory in use before: 57.1 MB.
System memory in use after: 57.1 MB.

Unloading 10 unused Assets to reduce memory usage. Loaded Objects now: 1543.
Total: 2.048500 ms (FindLiveObjects: 0.321700 ms CreateObjectMapping: 0.115200 ms MarkObjects: 1.520200 ms  DeleteObjects: 0.089600 ms)

========================================================================
Received Import Request.
  path: Assets/Scenes/Shaders.unity
  artifactKey: Guid(615003a0de823db4cb885a79b303e450) Importer(815301076,1909f56bfc062723c751e8b465ee728b)
Start importing Assets/Scenes/Shaders.unity using Guid(615003a0de823db4cb885a79b303e450) Importer(815301076,1909f56bfc062723c751e8b465ee728b)  -> (artifact id: 'd6b5d5f87374c6bce24b5381f9ed032f') in 0.017136 seconds
  Import took 0.018825 seconds .

========================================================================
Received Import Request.
  Time since last request: 294.245890 seconds.
  path: Assets/Materials/InvisSurface.shader
  artifactKey: Guid(f5aefed64f39441479417bb106cf9b33) Importer(815301076,1909f56bfc062723c751e8b465ee728b)
Start importing Assets/Materials/InvisSurface.shader using Guid(f5aefed64f39441479417bb106cf9b33) Importer(815301076,1909f56bfc062723c751e8b465ee728b)  -> (artifact id: '1564e25427217690de8c52c600954858') in 0.031067 seconds
  Import took 0.033032 seconds .

========================================================================
Received Import Request.
  Time since last request: 0.158548 seconds.
  path: Assets/Materials/InvisSurface.shader
  artifactKey: Guid(f5aefed64f39441479417bb106cf9b33) Importer(815301076,1909f56bfc062723c751e8b465ee728b)
Start importing Assets/Materials/InvisSurface.shader using Guid(f5aefed64f39441479417bb106cf9b33) Importer(815301076,1909f56bfc062723c751e8b465ee728b)  -> (artifact id: '1564e25427217690de8c52c600954858') in 0.003507 seconds
  Import took 0.005172 seconds .

========================================================================
Received Import Request.
  Time since last request: 13.389762 seconds.
  path: Assets/Materials/Invis Surface.mat
  artifactKey: Guid(3713d861d9be4034aa0dc9516bb4fa3d) Importer(815301076,1909f56bfc062723c751e8b465ee728b)
Start importing Assets/Materials/Invis Surface.mat using Guid(3713d861d9be4034aa0dc9516bb4fa3d) Importer(815301076,1909f56bfc062723c751e8b465ee728b)  -> (artifact id: '5bb11afbcced402ca1359c956917a3a3') in 0.094111 seconds
  Import took 0.095787 seconds .

========================================================================
Received Import Request.
  Time since last request: 52.467583 seconds.
  path: Assets/Shaders/InvisSurface.shader
  artifactKey: Guid(f7105e759d8e3d744bc2e8b87ba2f49c) Importer(815301076,1909f56bfc062723c751e8b465ee728b)
Start importing Assets/Shaders/InvisSurface.shader using Guid(f7105e759d8e3d744bc2e8b87ba2f49c) Importer(815301076,1909f56bfc062723c751e8b465ee728b)  -> (artifact id: '7c085e4c6999b792d969f2473cb4b16c') in 0.003419 seconds
  Import took 0.005165 seconds .

========================================================================
Received Import Request.
  Time since last request: 862.589067 seconds.
  path: Assets/Shaders/InvisSurface.shader
  artifactKey: Guid(f7105e759d8e3d744bc2e8b87ba2f49c) Importer(815301076,1909f56bfc062723c751e8b465ee728b)
Start importing Assets/Shaders/InvisSurface.shader using Guid(f7105e759d8e3d744bc2e8b87ba2f49c) Importer(815301076,1909f56bfc062723c751e8b465ee728b)  -> (artifact id: '4337e55ac055984390ef828df6a8536f') in 0.003025 seconds
  Import took 0.005160 seconds .

========================================================================
Received Import Request.
  Time since last request: 125.532436 seconds.
  path: Assets/Shaders/InvisSurface.shader
  artifactKey: Guid(f7105e759d8e3d744bc2e8b87ba2f49c) Importer(815301076,1909f56bfc062723c751e8b465ee728b)
Start importing Assets/Shaders/InvisSurface.shader using Guid(f7105e759d8e3d744bc2e8b87ba2f49c) Importer(815301076,1909f56bfc062723c751e8b465ee728b)  -> (artifact id: 'fa0c1601a07726fefe6569eeaa7410ef') in 0.003391 seconds
  Import took 0.005175 seconds .

========================================================================
Received Import Request.
  Time since last request: 105.184645 seconds.
  path: Assets/Shaders/InvisSurface.shader
  artifactKey: Guid(f7105e759d8e3d744bc2e8b87ba2f49c) Importer(815301076,1909f56bfc062723c751e8b465ee728b)
Start importing Assets/Shaders/InvisSurface.shader using Guid(f7105e759d8e3d744bc2e8b87ba2f49c) Importer(815301076,1909f56bfc062723c751e8b465ee728b)  -> (artifact id: '85dfa367f88b5c23e57c2c6f959c2a7b') in 0.004558 seconds
  Import took 0.006872 seconds .

========================================================================
Received Import Request.
  Time since last request: 26.305124 seconds.
  path: Assets/Shaders/InvisSurface.shader
  artifactKey: Guid(f7105e759d8e3d744bc2e8b87ba2f49c) Importer(815301076,1909f56bfc062723c751e8b465ee728b)
Start importing Assets/Shaders/InvisSurface.shader using Guid(f7105e759d8e3d744bc2e8b87ba2f49c) Importer(815301076,1909f56bfc062723c751e8b465ee728b)  -> (artifact id: '3ec1296bc64a2d8771ccc5808fc418ae') in 0.003856 seconds
  Import took 0.005994 seconds .

========================================================================
Received Import Request.
  Time since last request: 30.023160 seconds.
  path: Assets/Shaders/InvisSurface.shader
  artifactKey: Guid(f7105e759d8e3d744bc2e8b87ba2f49c) Importer(815301076,1909f56bfc062723c751e8b465ee728b)
Start importing Assets/Shaders/InvisSurface.shader using Guid(f7105e759d8e3d744bc2e8b87ba2f49c) Importer(815301076,1909f56bfc062723c751e8b465ee728b)  -> (artifact id: '26061bd119030764156579ec19c0c5f0') in 0.003835 seconds
  Import took 0.005542 seconds .

========================================================================
Received Import Request.
  Time since last request: 26.732751 seconds.
  path: Assets/Shaders/InvisSurface.shader
  artifactKey: Guid(f7105e759d8e3d744bc2e8b87ba2f49c) Importer(815301076,1909f56bfc062723c751e8b465ee728b)
Start importing Assets/Shaders/InvisSurface.shader using Guid(f7105e759d8e3d744bc2e8b87ba2f49c) Importer(815301076,1909f56bfc062723c751e8b465ee728b)  -> (artifact id: 'b4de89d4f4fa13972cf32eb9b4825639') in 0.006926 seconds
  Import took 0.008694 seconds .

========================================================================
Received Import Request.
  Time since last request: 0.001011 seconds.
  path: Assets/Shaders/InvisSurface.shader
  artifactKey: Guid(f7105e759d8e3d744bc2e8b87ba2f49c) Importer(815301076,1909f56bfc062723c751e8b465ee728b)
Start importing Assets/Shaders/InvisSurface.shader using Guid(f7105e759d8e3d744bc2e8b87ba2f49c) Importer(815301076,1909f56bfc062723c751e8b465ee728b)  -> (artifact id: 'b4de89d4f4fa13972cf32eb9b4825639') in 0.004521 seconds
  Import took 0.007279 seconds .

========================================================================
Received Import Request.
  Time since last request: 389.258556 seconds.
  path: Assets/Scripts/InvisSurface.cs
  artifactKey: Guid(cfdc4439263b2d84d9c45f7c7a6952b9) Importer(815301076,1909f56bfc062723c751e8b465ee728b)
Start importing Assets/Scripts/InvisSurface.cs using Guid(cfdc4439263b2d84d9c45f7c7a6952b9) Importer(815301076,1909f56bfc062723c751e8b465ee728b)  -> (artifact id: '92174cafad5c17c1791dac9ef1963c68') in 0.006165 seconds
  Import took 0.008261 seconds .

========================================================================
Received Import Request.
  Time since last request: 0.052146 seconds.
  path: Assets/Scripts/InvisSurface.cs
  artifactKey: Guid(cfdc4439263b2d84d9c45f7c7a6952b9) Importer(815301076,1909f56bfc062723c751e8b465ee728b)
Start importing Assets/Scripts/InvisSurface.cs using Guid(cfdc4439263b2d84d9c45f7c7a6952b9) Importer(815301076,1909f56bfc062723c751e8b465ee728b)  -> (artifact id: '92174cafad5c17c1791dac9ef1963c68') in 0.002852 seconds
  Import took 0.004498 seconds .

========================================================================
Received Prepare
Registering precompiled user dll's ...
Registered in 0.000713 seconds.
Begin MonoManager ReloadAssembly
Native extension for WindowsStandalone target not found
Refreshing native plugins compatible for Editor in 0.26 ms, found 0 plugins.
Preloading 0 native plugins for Editor in 0.00 ms.
Invoked RoslynAnalysisRunner static constructor.
RoslynAnalysisRunner will not be running.
RoslynAnalysisRunner has terminated.
Mono: successfully reloaded assembly
- Completed reload, in  0.687 seconds
Platform modules already initialized, skipping
Refreshing native plugins compatible for Editor in 0.31 ms, found 0 plugins.
Preloading 0 native plugins for Editor in 0.00 ms.
Unloading 1097 Unused Serialized files (Serialized files now loaded: 0)
System memory in use before: 60.7 MB.
System memory in use after: 60.7 MB.

Unloading 6 unused Assets to reduce memory usage. Loaded Objects now: 1586.
Total: 1.821500 ms (FindLiveObjects: 0.177300 ms CreateObjectMapping: 0.041400 ms MarkObjects: 1.532300 ms  DeleteObjects: 0.069000 ms)

========================================================================
Received Prepare
Registering precompiled user dll's ...
Registered in 0.000622 seconds.
Begin MonoManager ReloadAssembly
Native extension for WindowsStandalone target not found
Refreshing native plugins compatible for Editor in 0.20 ms, found 0 plugins.
Preloading 0 native plugins for Editor in 0.00 ms.
Invoked RoslynAnalysisRunner static constructor.
RoslynAnalysisRunner will not be running.
RoslynAnalysisRunner has terminated.
Mono: successfully reloaded assembly
- Completed reload, in  0.622 seconds
Platform modules already initialized, skipping
Refreshing native plugins compatible for Editor in 0.18 ms, found 0 plugins.
Preloading 0 native plugins for Editor in 0.00 ms.
Unloading 1097 Unused Serialized files (Serialized files now loaded: 0)
System memory in use before: 60.9 MB.
System memory in use after: 61.0 MB.

Unloading 6 unused Assets to reduce memory usage. Loaded Objects now: 1588.
Total: 1.364700 ms (FindLiveObjects: 0.116500 ms CreateObjectMapping: 0.026400 ms MarkObjects: 1.166000 ms  DeleteObjects: 0.054900 ms)

========================================================================
Received Import Request.
  Time since last request: 211.022472 seconds.
  path: Assets/Scripts/InvisSurface.cs
  artifactKey: Guid(cfdc4439263b2d84d9c45f7c7a6952b9) Importer(815301076,1909f56bfc062723c751e8b465ee728b)
Start importing Assets/Scripts/InvisSurface.cs using Guid(cfdc4439263b2d84d9c45f7c7a6952b9) Importer(815301076,1909f56bfc062723c751e8b465ee728b)  -> (artifact id: 'e8d6880071ae1b0cc5a71dac6329bbc0') in 0.007753 seconds
  Import took 0.009383 seconds .

========================================================================
Received Import Request.
  Time since last request: 37.370904 seconds.
  path: Assets/Shaders/Unlit_InvisSurface.mat
  artifactKey: Guid(ac06ec7c4efb5694eb0b1750cacc466c) Importer(815301076,1909f56bfc062723c751e8b465ee728b)
Start importing Assets/Shaders/Unlit_InvisSurface.mat using Guid(ac06ec7c4efb5694eb0b1750cacc466c) Importer(815301076,1909f56bfc062723c751e8b465ee728b) Shader error in 'Unlit/InvisSurface': Duplicate system value semantic definition: output semantic 'SV_POSITION' and output semantic 'SV_POSITION' at line 32 (on d3d11)

Compiling Vertex program
Platform defines: UNITY_ENABLE_REFLECTION_BUFFERS UNITY_USE_DITHER_MASK_FOR_ALPHABLENDED_SHADOWS UNITY_PBS_USE_BRDF1 UNITY_SPECCUBE_BOX_PROJECTION UNITY_SPECCUBE_BLENDING UNITY_ENABLE_DETAIL_NORMALMAP SHADER_API_DESKTOP UNITY_COLORSPACE_GAMMA UNITY_LIGHT_PROBE_PROXY_VOLUME UNITY_LIGHTMAP_FULL_HDR
Disabled keywords: UNITY_NO_DXT5nm UNITY_ENABLE_NATIVE_SHADOW_LOOKUPS UNITY_METAL_SHADOWS_USE_POINT_FILTERING UNITY_NO_SCREENSPACE_SHADOWS UNITY_PBS_USE_BRDF2 UNITY_PBS_USE_BRDF3 UNITY_NO_FULL_STANDARD_SHADER UNITY_HARDWARE_TIER1 UNITY_HARDWARE_TIER2 UNITY_HARDWARE_TIER3 UNITY_HALF_PRECISION_FRAGMENT_SHADER_REGISTERS UNITY_LIGHTMAP_DLDR_ENCODING UNITY_LIGHTMAP_RGBM_ENCODING UNITY_VIRTUAL_TEXTURING UNITY_PRETRANSFORM_TO_DISPLAY_ORIENTATION UNITY_ASTC_NORMALMAP_ENCODING SHADER_API_GLES30

Shader warning in 'Unlit/InvisSurface': Output value 'vert' is not completely initialized at line 42 (on d3d11)

Compiling Vertex program
Platform defines: UNITY_ENABLE_REFLECTION_BUFFERS UNITY_USE_DITHER_MASK_FOR_ALPHABLENDED_SHADOWS UNITY_PBS_USE_BRDF1 UNITY_SPECCUBE_BOX_PROJECTION UNITY_SPECCUBE_BLENDING UNITY_ENABLE_DETAIL_NORMALMAP SHADER_API_DESKTOP UNITY_COLORSPACE_GAMMA UNITY_LIGHT_PROBE_PROXY_VOLUME UNITY_LIGHTMAP_FULL_HDR
Disabled keywords: UNITY_NO_DXT5nm UNITY_ENABLE_NATIVE_SHADOW_LOOKUPS UNITY_METAL_SHADOWS_USE_POINT_FILTERING UNITY_NO_SCREENSPACE_SHADOWS UNITY_PBS_USE_BRDF2 UNITY_PBS_USE_BRDF3 UNITY_NO_FULL_STANDARD_SHADER UNITY_HARDWARE_TIER1 UNITY_HARDWARE_TIER2 UNITY_HARDWARE_TIER3 UNITY_HALF_PRECISION_FRAGMENT_SHADER_REGISTERS UNITY_LIGHTMAP_DLDR_ENCODING UNITY_LIGHTMAP_RGBM_ENCODING UNITY_VIRTUAL_TEXTURING UNITY_PRETRANSFORM_TO_DISPLAY_ORIENTATION UNITY_ASTC_NORMALMAP_ENCODING SHADER_API_GLES30

 -> (artifact id: 'fa65c51c29bc4c00b06aa11a0ac2d1a3') in 0.098110 seconds
  Import took 0.099962 seconds .

========================================================================
Received Import Request.
  Time since last request: 17.273146 seconds.
  path: Assets/Shaders/InvisSurface.shader
  artifactKey: Guid(f7105e759d8e3d744bc2e8b87ba2f49c) Importer(815301076,1909f56bfc062723c751e8b465ee728b)
Start importing Assets/Shaders/InvisSurface.shader using Guid(f7105e759d8e3d744bc2e8b87ba2f49c) Importer(815301076,1909f56bfc062723c751e8b465ee728b)  -> (artifact id: '0f137167edf8814f8adc60c1eb802c83') in 0.003747 seconds
  Import took 0.005556 seconds .

========================================================================
Received Import Request.
  Time since last request: 21.368390 seconds.
  path: Assets/Shaders/Invis Surface Matieral.mat
  artifactKey: Guid(4a847ee0792793a4c85280ddfb22c726) Importer(815301076,1909f56bfc062723c751e8b465ee728b)
Start importing Assets/Shaders/Invis Surface Matieral.mat using Guid(4a847ee0792793a4c85280ddfb22c726) Importer(815301076,1909f56bfc062723c751e8b465ee728b)  -> (artifact id: 'd9ea30555e4ecc484f19133b6c9133c0') in 0.016781 seconds
  Import took 0.018810 seconds .

========================================================================
Received Import Request.
  Time since last request: 224.187401 seconds.
  path: Assets/Invis Texture.renderTexture
  artifactKey: Guid(7a309783617643f4d8a0957ae8b344e6) Importer(815301076,1909f56bfc062723c751e8b465ee728b)
Start importing Assets/Invis Texture.renderTexture using Guid(7a309783617643f4d8a0957ae8b344e6) Importer(815301076,1909f56bfc062723c751e8b465ee728b)  -> (artifact id: '565e902c2c8cf4cfefc02675c736245a') in 0.019630 seconds
  Import took 0.021613 seconds .

========================================================================
Received Import Request.
  Time since last request: 8375.557163 seconds.
  path: Assets/Materials/Invis Texture.mat
  artifactKey: Guid(1b0b1ba90f28c424691830f8ca74d158) Importer(815301076,1909f56bfc062723c751e8b465ee728b)
Start importing Assets/Materials/Invis Texture.mat using Guid(1b0b1ba90f28c424691830f8ca74d158) Importer(815301076,1909f56bfc062723c751e8b465ee728b)  -> (artifact id: 'da12f8a4a7885f42371b29ceb293f61c') in 0.090804 seconds
  Import took 0.104096 seconds .

========================================================================
Received Prepare
Registering precompiled user dll's ...
Registered in 0.000761 seconds.
Begin MonoManager ReloadAssembly
Native extension for WindowsStandalone target not found
Refreshing native plugins compatible for Editor in 0.19 ms, found 0 plugins.
Preloading 0 native plugins for Editor in 0.00 ms.
Invoked RoslynAnalysisRunner static constructor.
RoslynAnalysisRunner will not be running.
RoslynAnalysisRunner has terminated.
Mono: successfully reloaded assembly
- Completed reload, in  0.752 seconds
Platform modules already initialized, skipping
Refreshing native plugins compatible for Editor in 0.31 ms, found 0 plugins.
Preloading 0 native plugins for Editor in 0.00 ms.
Unloading 1097 Unused Serialized files (Serialized files now loaded: 0)
System memory in use before: 61.4 MB.
System memory in use after: 61.4 MB.

Unloading 5 unused Assets to reduce memory usage. Loaded Objects now: 1595.
Total: 1.440900 ms (FindLiveObjects: 0.136400 ms CreateObjectMapping: 0.034200 ms MarkObjects: 1.199000 ms  DeleteObjects: 0.070600 ms)

========================================================================
Received Prepare
Registering precompiled user dll's ...
Registered in 0.000932 seconds.
Begin MonoManager ReloadAssembly
Native extension for WindowsStandalone target not found
Refreshing native plugins compatible for Editor in 0.19 ms, found 0 plugins.
Preloading 0 native plugins for Editor in 0.00 ms.
Invoked RoslynAnalysisRunner static constructor.
RoslynAnalysisRunner will not be running.
RoslynAnalysisRunner has terminated.
Mono: successfully reloaded assembly
- Completed reload, in  0.637 seconds
Platform modules already initialized, skipping
Refreshing native plugins compatible for Editor in 0.22 ms, found 0 plugins.
Preloading 0 native plugins for Editor in 0.00 ms.
Unloading 1096 Unused Serialized files (Serialized files now loaded: 0)
System memory in use before: 61.4 MB.
System memory in use after: 61.5 MB.

Unloading 5 unused Assets to reduce memory usage. Loaded Objects now: 1597.
Total: 2.119200 ms (FindLiveObjects: 0.220600 ms CreateObjectMapping: 0.063400 ms MarkObjects: 1.775900 ms  DeleteObjects: 0.057900 ms)

========================================================================
Received Prepare
Registering precompiled user dll's ...
Registered in 0.000648 seconds.
Begin MonoManager ReloadAssembly
Native extension for WindowsStandalone target not found
Refreshing native plugins compatible for Editor in 0.19 ms, found 0 plugins.
Preloading 0 native plugins for Editor in 0.00 ms.
Invoked RoslynAnalysisRunner static constructor.
RoslynAnalysisRunner will not be running.
RoslynAnalysisRunner has terminated.
Mono: successfully reloaded assembly
- Completed reload, in  0.655 seconds
Platform modules already initialized, skipping
Refreshing native plugins compatible for Editor in 0.22 ms, found 0 plugins.
Preloading 0 native plugins for Editor in 0.00 ms.
Unloading 1096 Unused Serialized files (Serialized files now loaded: 0)
System memory in use before: 61.7 MB.
System memory in use after: 61.8 MB.

Unloading 5 unused Assets to reduce memory usage. Loaded Objects now: 1599.
Total: 1.336300 ms (FindLiveObjects: 0.120400 ms CreateObjectMapping: 0.032000 ms MarkObjects: 1.140800 ms  DeleteObjects: 0.042100 ms)

========================================================================
Received Prepare
Registering precompiled user dll's ...
Registered in 0.000852 seconds.
Begin MonoManager ReloadAssembly
Native extension for WindowsStandalone target not found
Refreshing native plugins compatible for Editor in 0.19 ms, found 0 plugins.
Preloading 0 native plugins for Editor in 0.00 ms.
Invoked RoslynAnalysisRunner static constructor.
RoslynAnalysisRunner will not be running.
RoslynAnalysisRunner has terminated.
Mono: successfully reloaded assembly
- Completed reload, in  0.686 seconds
Platform modules already initialized, skipping
Refreshing native plugins compatible for Editor in 0.19 ms, found 0 plugins.
Preloading 0 native plugins for Editor in 0.00 ms.
Unloading 1096 Unused Serialized files (Serialized files now loaded: 0)
System memory in use before: 61.9 MB.
System memory in use after: 62.0 MB.

Unloading 5 unused Assets to reduce memory usage. Loaded Objects now: 1601.
Total: 1.458900 ms (FindLiveObjects: 0.122400 ms CreateObjectMapping: 0.029400 ms MarkObjects: 1.262600 ms  DeleteObjects: 0.043600 ms)

========================================================================
Received Prepare
Registering precompiled user dll's ...
Registered in 0.000669 seconds.
Begin MonoManager ReloadAssembly
Native extension for WindowsStandalone target not found
Refreshing native plugins compatible for Editor in 0.20 ms, found 0 plugins.
Preloading 0 native plugins for Editor in 0.00 ms.
Invoked RoslynAnalysisRunner static constructor.
RoslynAnalysisRunner will not be running.
RoslynAnalysisRunner has terminated.
Mono: successfully reloaded assembly
- Completed reload, in  0.631 seconds
Platform modules already initialized, skipping
Refreshing native plugins compatible for Editor in 0.22 ms, found 0 plugins.
Preloading 0 native plugins for Editor in 0.00 ms.
Unloading 1096 Unused Serialized files (Serialized files now loaded: 0)
System memory in use before: 62.1 MB.
System memory in use after: 62.2 MB.

Unloading 5 unused Assets to reduce memory usage. Loaded Objects now: 1603.
Total: 2.362300 ms (FindLiveObjects: 0.242400 ms CreateObjectMapping: 0.091900 ms MarkObjects: 1.943100 ms  DeleteObjects: 0.083000 ms)

========================================================================
Received Prepare
Registering precompiled user dll's ...
Registered in 0.000774 seconds.
Begin MonoManager ReloadAssembly
Native extension for WindowsStandalone target not found
Refreshing native plugins compatible for Editor in 0.21 ms, found 0 plugins.
Preloading 0 native plugins for Editor in 0.00 ms.
Invoked RoslynAnalysisRunner static constructor.
RoslynAnalysisRunner will not be running.
RoslynAnalysisRunner has terminated.
Mono: successfully reloaded assembly
- Completed reload, in  0.622 seconds
Platform modules already initialized, skipping
Refreshing native plugins compatible for Editor in 0.18 ms, found 0 plugins.
Preloading 0 native plugins for Editor in 0.00 ms.
Unloading 1096 Unused Serialized files (Serialized files now loaded: 0)
System memory in use before: 62.4 MB.
System memory in use after: 62.4 MB.

Unloading 5 unused Assets to reduce memory usage. Loaded Objects now: 1605.
Total: 1.427300 ms (FindLiveObjects: 0.127000 ms CreateObjectMapping: 0.031000 ms MarkObjects: 1.219700 ms  DeleteObjects: 0.048600 ms)

========================================================================
Received Prepare
Registering precompiled user dll's ...
Registered in 0.000685 seconds.
Begin MonoManager ReloadAssembly
Native extension for WindowsStandalone target not found
Refreshing native plugins compatible for Editor in 0.19 ms, found 0 plugins.
Preloading 0 native plugins for Editor in 0.00 ms.
Invoked RoslynAnalysisRunner static constructor.
RoslynAnalysisRunner will not be running.
RoslynAnalysisRunner has terminated.
Mono: successfully reloaded assembly
- Completed reload, in  0.629 seconds
Platform modules already initialized, skipping
Refreshing native plugins compatible for Editor in 0.17 ms, found 0 plugins.
Preloading 0 native plugins for Editor in 0.00 ms.
Unloading 1096 Unused Serialized files (Serialized files now loaded: 0)
System memory in use before: 62.5 MB.
System memory in use after: 62.5 MB.

Unloading 5 unused Assets to reduce memory usage. Loaded Objects now: 1607.
Total: 1.544900 ms (FindLiveObjects: 0.148100 ms CreateObjectMapping: 0.033700 ms MarkObjects: 1.306900 ms  DeleteObjects: 0.054500 ms)

========================================================================
Received Prepare
Registering precompiled user dll's ...
Registered in 0.000740 seconds.
Begin MonoManager ReloadAssembly
Native extension for WindowsStandalone target not found
Refreshing native plugins compatible for Editor in 0.18 ms, found 0 plugins.
Preloading 0 native plugins for Editor in 0.00 ms.
Invoked RoslynAnalysisRunner static constructor.
RoslynAnalysisRunner will not be running.
RoslynAnalysisRunner has terminated.
Mono: successfully reloaded assembly
- Completed reload, in  0.692 seconds
Platform modules already initialized, skipping
Refreshing native plugins compatible for Editor in 0.18 ms, found 0 plugins.
Preloading 0 native plugins for Editor in 0.00 ms.
Unloading 1096 Unused Serialized files (Serialized files now loaded: 0)
System memory in use before: 61.8 MB.
System memory in use after: 61.9 MB.

Unloading 5 unused Assets to reduce memory usage. Loaded Objects now: 1609.
Total: 1.525400 ms (FindLiveObjects: 0.198000 ms CreateObjectMapping: 0.042900 ms MarkObjects: 1.240200 ms  DeleteObjects: 0.043300 ms)

========================================================================
Received Prepare
Registering precompiled user dll's ...
Registered in 0.000662 seconds.
Begin MonoManager ReloadAssembly
Native extension for WindowsStandalone target not found
Refreshing native plugins compatible for Editor in 0.18 ms, found 0 plugins.
Preloading 0 native plugins for Editor in 0.00 ms.
Invoked RoslynAnalysisRunner static constructor.
RoslynAnalysisRunner will not be running.
RoslynAnalysisRunner has terminated.
Mono: successfully reloaded assembly
- Completed reload, in  0.648 seconds
Platform modules already initialized, skipping
Refreshing native plugins compatible for Editor in 0.26 ms, found 0 plugins.
Preloading 0 native plugins for Editor in 0.00 ms.
Unloading 1096 Unused Serialized files (Serialized files now loaded: 0)
System memory in use before: 62.0 MB.
System memory in use after: 62.1 MB.

Unloading 5 unused Assets to reduce memory usage. Loaded Objects now: 1611.
Total: 1.446300 ms (FindLiveObjects: 0.131400 ms CreateObjectMapping: 0.032100 ms MarkObjects: 1.235600 ms  DeleteObjects: 0.046100 ms)

========================================================================
Received Prepare
Registering precompiled user dll's ...
Registered in 0.000655 seconds.
Begin MonoManager ReloadAssembly
Native extension for WindowsStandalone target not found
Refreshing native plugins compatible for Editor in 0.19 ms, found 0 plugins.
Preloading 0 native plugins for Editor in 0.00 ms.
Invoked RoslynAnalysisRunner static constructor.
RoslynAnalysisRunner will not be running.
RoslynAnalysisRunner has terminated.
Mono: successfully reloaded assembly
- Completed reload, in  0.634 seconds
Platform modules already initialized, skipping
Refreshing native plugins compatible for Editor in 0.26 ms, found 0 plugins.
Preloading 0 native plugins for Editor in 0.00 ms.
Unloading 1096 Unused Serialized files (Serialized files now loaded: 0)
System memory in use before: 62.2 MB.
System memory in use after: 62.3 MB.

Unloading 5 unused Assets to reduce memory usage. Loaded Objects now: 1613.
Total: 1.455200 ms (FindLiveObjects: 0.132000 ms CreateObjectMapping: 0.030100 ms MarkObjects: 1.249900 ms  DeleteObjects: 0.042400 ms)

========================================================================
Received Prepare
Registering precompiled user dll's ...
Registered in 0.000865 seconds.
Begin MonoManager ReloadAssembly
Native extension for WindowsStandalone target not found
Refreshing native plugins compatible for Editor in 0.18 ms, found 0 plugins.
Preloading 0 native plugins for Editor in 0.00 ms.
Invoked RoslynAnalysisRunner static constructor.
RoslynAnalysisRunner will not be running.
RoslynAnalysisRunner has terminated.
Mono: successfully reloaded assembly
- Completed reload, in  0.641 seconds
Platform modules already initialized, skipping
Refreshing native plugins compatible for Editor in 0.18 ms, found 0 plugins.
Preloading 0 native plugins for Editor in 0.00 ms.
Unloading 1096 Unused Serialized files (Serialized files now loaded: 0)
System memory in use before: 62.4 MB.
System memory in use after: 62.5 MB.

Unloading 5 unused Assets to reduce memory usage. Loaded Objects now: 1615.
Total: 1.472000 ms (FindLiveObjects: 0.129300 ms CreateObjectMapping: 0.027600 ms MarkObjects: 1.271700 ms  DeleteObjects: 0.042700 ms)

========================================================================
Received Prepare
Registering precompiled user dll's ...
Registered in 0.000723 seconds.
Begin MonoManager ReloadAssembly
Native extension for WindowsStandalone target not found
Refreshing native plugins compatible for Editor in 0.22 ms, found 0 plugins.
Preloading 0 native plugins for Editor in 0.00 ms.
Invoked RoslynAnalysisRunner static constructor.
RoslynAnalysisRunner will not be running.
RoslynAnalysisRunner has terminated.
Mono: successfully reloaded assembly
- Completed reload, in  0.691 seconds
Platform modules already initialized, skipping
Refreshing native plugins compatible for Editor in 0.23 ms, found 0 plugins.
Preloading 0 native plugins for Editor in 0.00 ms.
Unloading 1096 Unused Serialized files (Serialized files now loaded: 0)
System memory in use before: 62.5 MB.
System memory in use after: 62.6 MB.

Unloading 5 unused Assets to reduce memory usage. Loaded Objects now: 1617.
Total: 1.798200 ms (FindLiveObjects: 0.143600 ms CreateObjectMapping: 0.038900 ms MarkObjects: 1.570400 ms  DeleteObjects: 0.044300 ms)

========================================================================
Received Prepare
Registering precompiled user dll's ...
Registered in 0.000618 seconds.
Begin MonoManager ReloadAssembly
Native extension for WindowsStandalone target not found
Refreshing native plugins compatible for Editor in 0.18 ms, found 0 plugins.
Preloading 0 native plugins for Editor in 0.00 ms.
Invoked RoslynAnalysisRunner static constructor.
RoslynAnalysisRunner will not be running.
RoslynAnalysisRunner has terminated.
Mono: successfully reloaded assembly
- Completed reload, in  0.624 seconds
Platform modules already initialized, skipping
Refreshing native plugins compatible for Editor in 0.17 ms, found 0 plugins.
Preloading 0 native plugins for Editor in 0.00 ms.
Unloading 1096 Unused Serialized files (Serialized files now loaded: 0)
System memory in use before: 61.9 MB.
System memory in use after: 61.9 MB.

Unloading 5 unused Assets to reduce memory usage. Loaded Objects now: 1619.
Total: 1.482500 ms (FindLiveObjects: 0.114600 ms CreateObjectMapping: 0.030300 ms MarkObjects: 1.295300 ms  DeleteObjects: 0.041600 ms)

========================================================================
Received Prepare
Registering precompiled user dll's ...
Registered in 0.000765 seconds.
Begin MonoManager ReloadAssembly
Native extension for WindowsStandalone target not found
Refreshing native plugins compatible for Editor in 0.19 ms, found 0 plugins.
Preloading 0 native plugins for Editor in 0.00 ms.
Invoked RoslynAnalysisRunner static constructor.
RoslynAnalysisRunner will not be running.
RoslynAnalysisRunner has terminated.
Mono: successfully reloaded assembly
- Completed reload, in  0.694 seconds
Platform modules already initialized, skipping
Refreshing native plugins compatible for Editor in 0.19 ms, found 0 plugins.
Preloading 0 native plugins for Editor in 0.00 ms.
Unloading 1096 Unused Serialized files (Serialized files now loaded: 0)
System memory in use before: 62.1 MB.
System memory in use after: 62.2 MB.

Unloading 5 unused Assets to reduce memory usage. Loaded Objects now: 1621.
Total: 1.763800 ms (FindLiveObjects: 0.197600 ms CreateObjectMapping: 0.062700 ms MarkObjects: 1.457200 ms  DeleteObjects: 0.045300 ms)

========================================================================
Received Import Request.
  Time since last request: 11598.710991 seconds.
  path: Assets/Shaders/LightingMulti.shader
  artifactKey: Guid(e006266537d9ed4458a464474dbb4418) Importer(815301076,1909f56bfc062723c751e8b465ee728b)
Start importing Assets/Shaders/LightingMulti.shader using Guid(e006266537d9ed4458a464474dbb4418) Importer(815301076,1909f56bfc062723c751e8b465ee728b)  -> (artifact id: '92f65275e759a793729885bb6679bbdc') in 0.082247 seconds
  Import took 0.115472 seconds .

========================================================================
Received Import Request.
  Time since last request: 7.304605 seconds.
  path: Assets/Shaders/TestShader.shader
  artifactKey: Guid(0cc84ddb328a17c429194f877db02505) Importer(815301076,1909f56bfc062723c751e8b465ee728b)
Start importing Assets/Shaders/TestShader.shader using Guid(0cc84ddb328a17c429194f877db02505) Importer(815301076,1909f56bfc062723c751e8b465ee728b)  -> (artifact id: '3758f957cfd3ad93501ad2f145a8833a') in 0.007593 seconds
  Import took 0.009358 seconds .

========================================================================
Received Import Request.
  Time since last request: 0.000666 seconds.
  path: Assets/Shaders/TestShader.shader
  artifactKey: Guid(0cc84ddb328a17c429194f877db02505) Importer(815301076,1909f56bfc062723c751e8b465ee728b)
Start importing Assets/Shaders/TestShader.shader using Guid(0cc84ddb328a17c429194f877db02505) Importer(815301076,1909f56bfc062723c751e8b465ee728b)  -> (artifact id: '3758f957cfd3ad93501ad2f145a8833a') in 0.003253 seconds
  Import took 0.004941 seconds .

========================================================================
Received Import Request.
  Time since last request: 18.514003 seconds.
  path: Assets/Shaders/LightingMulti.shader
  artifactKey: Guid(e006266537d9ed4458a464474dbb4418) Importer(815301076,1909f56bfc062723c751e8b465ee728b)
Start importing Assets/Shaders/LightingMulti.shader using Guid(e006266537d9ed4458a464474dbb4418) Importer(815301076,1909f56bfc062723c751e8b465ee728b)  -> (artifact id: '2bb9d7cb8168118e73fcf70840fbdc1f') in 0.004165 seconds
  Import took 0.006079 seconds .

========================================================================
Received Import Request.
  Time since last request: 1.967178 seconds.
  path: Assets/Shaders/InvisSurface.shader
  artifactKey: Guid(f7105e759d8e3d744bc2e8b87ba2f49c) Importer(815301076,1909f56bfc062723c751e8b465ee728b)
Start importing Assets/Shaders/InvisSurface.shader using Guid(f7105e759d8e3d744bc2e8b87ba2f49c) Importer(815301076,1909f56bfc062723c751e8b465ee728b)  -> (artifact id: '802d3c3ad1fbc316958c4cbe0449ccf8') in 0.006719 seconds
  Import took 0.008670 seconds .

========================================================================
Received Import Request.
  Time since last request: 0.000729 seconds.
  path: Assets/Shaders/InvisSurface.shader
  artifactKey: Guid(f7105e759d8e3d744bc2e8b87ba2f49c) Importer(815301076,1909f56bfc062723c751e8b465ee728b)
Start importing Assets/Shaders/InvisSurface.shader using Guid(f7105e759d8e3d744bc2e8b87ba2f49c) Importer(815301076,1909f56bfc062723c751e8b465ee728b)  -> (artifact id: '802d3c3ad1fbc316958c4cbe0449ccf8') in 0.003121 seconds
  Import took 0.004736 seconds .

========================================================================
Received Import Request.
  Time since last request: 1.246696 seconds.
  path: Assets/Shaders/Healthbar.shader
  artifactKey: Guid(77ed8b5bf9fa89a41a48b5273bbd3350) Importer(815301076,1909f56bfc062723c751e8b465ee728b)
Start importing Assets/Shaders/Healthbar.shader using Guid(77ed8b5bf9fa89a41a48b5273bbd3350) Importer(815301076,1909f56bfc062723c751e8b465ee728b)  -> (artifact id: 'cf9ca160fade52de1fa98e806892a9d0') in 0.003040 seconds
  Import took 0.004682 seconds .

========================================================================
Received Import Request.
  Time since last request: 22.568081 seconds.
  path: Assets/Textures
  artifactKey: Guid(81161ab22b1af9a469c32188b17dadca) Importer(815301076,1909f56bfc062723c751e8b465ee728b)
Start importing Assets/Textures using Guid(81161ab22b1af9a469c32188b17dadca) Importer(815301076,1909f56bfc062723c751e8b465ee728b)  -> (artifact id: '34c63f26bc502fabba6b296a2297fecd') in 0.005981 seconds
  Import took 0.007665 seconds .

========================================================================
Received Import Request.
  Time since last request: 8.143437 seconds.
  path: Assets/Textures/MicrosoftTeams-image (1).png
  artifactKey: Guid(d152b4888dc23244184885293c98d614) Importer(815301076,1909f56bfc062723c751e8b465ee728b)
Start importing Assets/Textures/MicrosoftTeams-image (1).png using Guid(d152b4888dc23244184885293c98d614) Importer(815301076,1909f56bfc062723c751e8b465ee728b)  -> (artifact id: 'b15ee39d3ccbe9e5305f392fc604c07e') in 0.081193 seconds
  Import took 0.083806 seconds .

========================================================================
Received Import Request.
  Time since last request: 0.000235 seconds.
  path: Assets/Textures/MicrosoftTeams-image 1.png
  artifactKey: Guid(4227a4c4fddc3e0458d1caadca5ce23d) Importer(815301076,1909f56bfc062723c751e8b465ee728b)
Start importing Assets/Textures/MicrosoftTeams-image 1.png using Guid(4227a4c4fddc3e0458d1caadca5ce23d) Importer(815301076,1909f56bfc062723c751e8b465ee728b)  -> (artifact id: '0fcf687ac630b2208a1a92ec48c7636c') in 0.012007 seconds
  Import took 0.013693 seconds .

========================================================================
Received Import Request.
  Time since last request: 0.000291 seconds.
  path: Assets/Textures/MicrosoftTeams-image (2).png
  artifactKey: Guid(023a4db768067544e987e5ce8cc2e79b) Importer(815301076,1909f56bfc062723c751e8b465ee728b)
Start importing Assets/Textures/MicrosoftTeams-image (2).png using Guid(023a4db768067544e987e5ce8cc2e79b) Importer(815301076,1909f56bfc062723c751e8b465ee728b)  -> (artifact id: 'fecd08ba40bf4b3209bf8af0a973b6ea') in 0.012134 seconds
  Import took 0.014281 seconds .

========================================================================
Received Import Request.
  Time since last request: 0.002302 seconds.
  path: Assets/Textures/MicrosoftTeams-image (2).png
  artifactKey: Guid(023a4db768067544e987e5ce8cc2e79b) Importer(815301076,1909f56bfc062723c751e8b465ee728b)
Start importing Assets/Textures/MicrosoftTeams-image (2).png using Guid(023a4db768067544e987e5ce8cc2e79b) Importer(815301076,1909f56bfc062723c751e8b465ee728b)  -> (artifact id: 'fecd08ba40bf4b3209bf8af0a973b6ea') in 0.011087 seconds
  Import took 0.012998 seconds .

========================================================================
Received Import Request.
  Time since last request: 1372.168537 seconds.
  path: Assets/Shaders/ProximityColorChange.shader
  artifactKey: Guid(0da22388ca9bfa34a905d25315d8394b) Importer(815301076,1909f56bfc062723c751e8b465ee728b)
Start importing Assets/Shaders/ProximityColorChange.shader using Guid(0da22388ca9bfa34a905d25315d8394b) Importer(815301076,1909f56bfc062723c751e8b465ee728b)  -> (artifact id: '8131f41f5db6be6044ad0c968030f776') in 0.007153 seconds
  Import took 0.009165 seconds .

========================================================================
Received Import Request.
  Time since last request: 163.380535 seconds.
  path: Assets/Shaders/ProximityColorChange.shader
  artifactKey: Guid(0da22388ca9bfa34a905d25315d8394b) Importer(815301076,1909f56bfc062723c751e8b465ee728b)
Start importing Assets/Shaders/ProximityColorChange.shader using Guid(0da22388ca9bfa34a905d25315d8394b) Importer(815301076,1909f56bfc062723c751e8b465ee728b)  -> (artifact id: '5561095ce1e27e47103a332caabe2943') in 0.002838 seconds
  Import took 0.004759 seconds .

========================================================================
Received Import Request.
  Time since last request: 126.580083 seconds.
  path: Assets/Shaders/ProximityColorChange.shader
  artifactKey: Guid(0da22388ca9bfa34a905d25315d8394b) Importer(815301076,1909f56bfc062723c751e8b465ee728b)
Start importing Assets/Shaders/ProximityColorChange.shader using Guid(0da22388ca9bfa34a905d25315d8394b) Importer(815301076,1909f56bfc062723c751e8b465ee728b)  -> (artifact id: '5e1e8ace9bea3d899c9320b837d72a9a') in 0.002912 seconds
  Import took 0.005281 seconds .

========================================================================
Received Prepare
Registering precompiled user dll's ...
Registered in 0.000688 seconds.
Begin MonoManager ReloadAssembly
Native extension for WindowsStandalone target not found
Refreshing native plugins compatible for Editor in 0.21 ms, found 0 plugins.
Preloading 0 native plugins for Editor in 0.00 ms.
Invoked RoslynAnalysisRunner static constructor.
RoslynAnalysisRunner will not be running.
RoslynAnalysisRunner has terminated.
Mono: successfully reloaded assembly
- Completed reload, in  0.725 seconds
Platform modules already initialized, skipping
Refreshing native plugins compatible for Editor in 0.18 ms, found 0 plugins.
Preloading 0 native plugins for Editor in 0.00 ms.
Unloading 1100 Unused Serialized files (Serialized files now loaded: 0)
System memory in use before: 62.8 MB.
System memory in use after: 62.8 MB.

Unloading 9 unused Assets to reduce memory usage. Loaded Objects now: 1623.
Total: 1.590500 ms (FindLiveObjects: 0.115900 ms CreateObjectMapping: 0.027700 ms MarkObjects: 1.348000 ms  DeleteObjects: 0.098000 ms)

========================================================================
Received Prepare
Registering precompiled user dll's ...
Registered in 0.000653 seconds.
Begin MonoManager ReloadAssembly
Native extension for WindowsStandalone target not found
Refreshing native plugins compatible for Editor in 0.19 ms, found 0 plugins.
Preloading 0 native plugins for Editor in 0.00 ms.
Invoked RoslynAnalysisRunner static constructor.
RoslynAnalysisRunner will not be running.
RoslynAnalysisRunner has terminated.
Mono: successfully reloaded assembly
- Completed reload, in  0.622 seconds
Platform modules already initialized, skipping
Refreshing native plugins compatible for Editor in 0.24 ms, found 0 plugins.
Preloading 0 native plugins for Editor in 0.00 ms.
Unloading 1100 Unused Serialized files (Serialized files now loaded: 0)
System memory in use before: 63.0 MB.
System memory in use after: 63.0 MB.

Unloading 9 unused Assets to reduce memory usage. Loaded Objects now: 1625.
Total: 2.045600 ms (FindLiveObjects: 0.164600 ms CreateObjectMapping: 0.045800 ms MarkObjects: 1.689700 ms  DeleteObjects: 0.144200 ms)

========================================================================
Received Prepare
Registering precompiled user dll's ...
Registered in 0.000690 seconds.
Begin MonoManager ReloadAssembly
Native extension for WindowsStandalone target not found
Refreshing native plugins compatible for Editor in 0.18 ms, found 0 plugins.
Preloading 0 native plugins for Editor in 0.00 ms.
Invoked RoslynAnalysisRunner static constructor.
RoslynAnalysisRunner will not be running.
RoslynAnalysisRunner has terminated.
Mono: successfully reloaded assembly
- Completed reload, in  0.637 seconds
Platform modules already initialized, skipping
Refreshing native plugins compatible for Editor in 0.17 ms, found 0 plugins.
Preloading 0 native plugins for Editor in 0.00 ms.
Unloading 1100 Unused Serialized files (Serialized files now loaded: 0)
System memory in use before: 62.2 MB.
System memory in use after: 62.2 MB.

Unloading 9 unused Assets to reduce memory usage. Loaded Objects now: 1627.
Total: 1.582800 ms (FindLiveObjects: 0.151700 ms CreateObjectMapping: 0.037600 ms MarkObjects: 1.305500 ms  DeleteObjects: 0.087200 ms)

========================================================================
Received Import Request.
  Time since last request: 273.869619 seconds.
  path: Assets/Scripts/ProximityColorChange.cs
  artifactKey: Guid(b1cdbc226e7c5a64f9631169d5d5829c) Importer(815301076,1909f56bfc062723c751e8b465ee728b)
Start importing Assets/Scripts/ProximityColorChange.cs using Guid(b1cdbc226e7c5a64f9631169d5d5829c) Importer(815301076,1909f56bfc062723c751e8b465ee728b)  -> (artifact id: '4ea0ff6db98720a14c4b3fb81b6e68f1') in 0.003995 seconds
  Import took 0.005763 seconds .

========================================================================
Received Prepare
Registering precompiled user dll's ...
Registered in 0.000634 seconds.
Begin MonoManager ReloadAssembly
Native extension for WindowsStandalone target not found
Refreshing native plugins compatible for Editor in 0.34 ms, found 0 plugins.
Preloading 0 native plugins for Editor in 0.00 ms.
Invoked RoslynAnalysisRunner static constructor.
RoslynAnalysisRunner will not be running.
RoslynAnalysisRunner has terminated.
Mono: successfully reloaded assembly
- Completed reload, in  0.643 seconds
Platform modules already initialized, skipping
Refreshing native plugins compatible for Editor in 0.20 ms, found 0 plugins.
Preloading 0 native plugins for Editor in 0.00 ms.
Unloading 1101 Unused Serialized files (Serialized files now loaded: 0)
System memory in use before: 62.5 MB.
System memory in use after: 62.5 MB.

Unloading 9 unused Assets to reduce memory usage. Loaded Objects now: 1630.
Total: 1.549300 ms (FindLiveObjects: 0.128900 ms CreateObjectMapping: 0.033200 ms MarkObjects: 1.289000 ms  DeleteObjects: 0.097300 ms)

========================================================================
Received Prepare
Registering precompiled user dll's ...
Registered in 0.000659 seconds.
Begin MonoManager ReloadAssembly
Native extension for WindowsStandalone target not found
Refreshing native plugins compatible for Editor in 0.19 ms, found 0 plugins.
Preloading 0 native plugins for Editor in 0.00 ms.
Invoked RoslynAnalysisRunner static constructor.
RoslynAnalysisRunner will not be running.
RoslynAnalysisRunner has terminated.
Mono: successfully reloaded assembly
- Completed reload, in  0.647 seconds
Platform modules already initialized, skipping
Refreshing native plugins compatible for Editor in 0.20 ms, found 0 plugins.
Preloading 0 native plugins for Editor in 0.00 ms.
Unloading 1101 Unused Serialized files (Serialized files now loaded: 0)
System memory in use before: 62.7 MB.
System memory in use after: 62.7 MB.

Unloading 9 unused Assets to reduce memory usage. Loaded Objects now: 1632.
Total: 1.465200 ms (FindLiveObjects: 0.114700 ms CreateObjectMapping: 0.027300 ms MarkObjects: 1.231800 ms  DeleteObjects: 0.090700 ms)

========================================================================
Received Import Request.
  Time since last request: 260.839521 seconds.
  path: Assets/Scripts/ProximityColorChange.cs
  artifactKey: Guid(b1cdbc226e7c5a64f9631169d5d5829c) Importer(815301076,1909f56bfc062723c751e8b465ee728b)
Start importing Assets/Scripts/ProximityColorChange.cs using Guid(b1cdbc226e7c5a64f9631169d5d5829c) Importer(815301076,1909f56bfc062723c751e8b465ee728b)  -> (artifact id: 'd858dfea84586677f5781243abbdd5e2') in 0.003508 seconds
  Import took 0.005155 seconds .

========================================================================
Received Import Request.
  Time since last request: 161.503089 seconds.
  path: Assets/Shaders/ProximityColorChange.shader
  artifactKey: Guid(0da22388ca9bfa34a905d25315d8394b) Importer(815301076,1909f56bfc062723c751e8b465ee728b)
Start importing Assets/Shaders/ProximityColorChange.shader using Guid(0da22388ca9bfa34a905d25315d8394b) Importer(815301076,1909f56bfc062723c751e8b465ee728b)  -> (artifact id: 'bedaaab42724a77508484e93ed7df4e2') in 0.009203 seconds
  Import took 0.010892 seconds .

========================================================================
Received Import Request.
  Time since last request: 7.889316 seconds.
  path: Assets/Shaders/Unlit_ProximityColorChange.mat
  artifactKey: Guid(8a7f48947a490f841a8ede68af5d7ece) Importer(815301076,1909f56bfc062723c751e8b465ee728b)
Start importing Assets/Shaders/Unlit_ProximityColorChange.mat using Guid(8a7f48947a490f841a8ede68af5d7ece) Importer(815301076,1909f56bfc062723c751e8b465ee728b)  -> (artifact id: '64e8e8f13364c914e90efbe3bf0bc96c') in 0.051401 seconds
  Import took 0.053139 seconds .

========================================================================
Received Import Request.
  Time since last request: 3.233163 seconds.
  path: Assets/Materials/Invis Surface Matieral.mat
  artifactKey: Guid(4a847ee0792793a4c85280ddfb22c726) Importer(815301076,1909f56bfc062723c751e8b465ee728b)
Start importing Assets/Materials/Invis Surface Matieral.mat using Guid(4a847ee0792793a4c85280ddfb22c726) Importer(815301076,1909f56bfc062723c751e8b465ee728b)  -> (artifact id: 'dabe30e8f90e7bf53c37cafb142d764d') in 0.010335 seconds
  Import took 0.012041 seconds .

========================================================================
Received Prepare
Registering precompiled user dll's ...
Registered in 0.000673 seconds.
Begin MonoManager ReloadAssembly
Native extension for WindowsStandalone target not found
Refreshing native plugins compatible for Editor in 0.18 ms, found 0 plugins.
Preloading 0 native plugins for Editor in 0.00 ms.
Invoked RoslynAnalysisRunner static constructor.
RoslynAnalysisRunner will not be running.
RoslynAnalysisRunner has terminated.
Mono: successfully reloaded assembly
- Completed reload, in  0.672 seconds
Platform modules already initialized, skipping
Refreshing native plugins compatible for Editor in 0.18 ms, found 0 plugins.
Preloading 0 native plugins for Editor in 0.00 ms.
Unloading 1101 Unused Serialized files (Serialized files now loaded: 0)
System memory in use before: 63.0 MB.
System memory in use after: 63.0 MB.

Unloading 9 unused Assets to reduce memory usage. Loaded Objects now: 1636.
Total: 1.468900 ms (FindLiveObjects: 0.125900 ms CreateObjectMapping: 0.028400 ms MarkObjects: 1.222200 ms  DeleteObjects: 0.091600 ms)

========================================================================
Received Prepare
Registering precompiled user dll's ...
Registered in 0.000681 seconds.
Begin MonoManager ReloadAssembly
Native extension for WindowsStandalone target not found
Refreshing native plugins compatible for Editor in 0.18 ms, found 0 plugins.
Preloading 0 native plugins for Editor in 0.00 ms.
Invoked RoslynAnalysisRunner static constructor.
RoslynAnalysisRunner will not be running.
RoslynAnalysisRunner has terminated.
Mono: successfully reloaded assembly
- Completed reload, in  0.638 seconds
Platform modules already initialized, skipping
Refreshing native plugins compatible for Editor in 0.18 ms, found 0 plugins.
Preloading 0 native plugins for Editor in 0.00 ms.
Unloading 1100 Unused Serialized files (Serialized files now loaded: 0)
System memory in use before: 63.0 MB.
System memory in use after: 63.0 MB.

Unloading 8 unused Assets to reduce memory usage. Loaded Objects now: 1638.
Total: 1.712300 ms (FindLiveObjects: 0.132100 ms CreateObjectMapping: 0.032300 ms MarkObjects: 1.464700 ms  DeleteObjects: 0.082100 ms)

========================================================================
Received Prepare
Registering precompiled user dll's ...
Registered in 0.000968 seconds.
Begin MonoManager ReloadAssembly
Native extension for WindowsStandalone target not found
Refreshing native plugins compatible for Editor in 0.20 ms, found 0 plugins.
Preloading 0 native plugins for Editor in 0.00 ms.
Invoked RoslynAnalysisRunner static constructor.
RoslynAnalysisRunner will not be running.
RoslynAnalysisRunner has terminated.
Mono: successfully reloaded assembly
- Completed reload, in  0.638 seconds
Platform modules already initialized, skipping
Refreshing native plugins compatible for Editor in 0.21 ms, found 0 plugins.
Preloading 0 native plugins for Editor in 0.00 ms.
Unloading 1100 Unused Serialized files (Serialized files now loaded: 0)
System memory in use before: 62.4 MB.
System memory in use after: 62.4 MB.

Unloading 8 unused Assets to reduce memory usage. Loaded Objects now: 1640.
Total: 1.702300 ms (FindLiveObjects: 0.142300 ms CreateObjectMapping: 0.032200 ms MarkObjects: 1.448800 ms  DeleteObjects: 0.078100 ms)

========================================================================
Received Prepare
Registering precompiled user dll's ...
Registered in 0.000626 seconds.
Begin MonoManager ReloadAssembly
Native extension for WindowsStandalone target not found
Refreshing native plugins compatible for Editor in 0.18 ms, found 0 plugins.
Preloading 0 native plugins for Editor in 0.00 ms.
Invoked RoslynAnalysisRunner static constructor.
RoslynAnalysisRunner will not be running.
RoslynAnalysisRunner has terminated.
Mono: successfully reloaded assembly
- Completed reload, in  0.672 seconds
Platform modules already initialized, skipping
Refreshing native plugins compatible for Editor in 0.19 ms, found 0 plugins.
Preloading 0 native plugins for Editor in 0.00 ms.
Unloading 1100 Unused Serialized files (Serialized files now loaded: 0)
System memory in use before: 62.6 MB.
System memory in use after: 62.6 MB.

Unloading 8 unused Assets to reduce memory usage. Loaded Objects now: 1642.
Total: 1.499300 ms (FindLiveObjects: 0.121600 ms CreateObjectMapping: 0.030500 ms MarkObjects: 1.262500 ms  DeleteObjects: 0.083800 ms)

========================================================================
Received Prepare
Registering precompiled user dll's ...
Registered in 0.000839 seconds.
Begin MonoManager ReloadAssembly
Native extension for WindowsStandalone target not found
Refreshing native plugins compatible for Editor in 0.21 ms, found 0 plugins.
Preloading 0 native plugins for Editor in 0.00 ms.
Invoked RoslynAnalysisRunner static constructor.
RoslynAnalysisRunner will not be running.
RoslynAnalysisRunner has terminated.
Mono: successfully reloaded assembly
- Completed reload, in  0.634 seconds
Platform modules already initialized, skipping
Refreshing native plugins compatible for Editor in 0.18 ms, found 0 plugins.
Preloading 0 native plugins for Editor in 0.00 ms.
Unloading 1100 Unused Serialized files (Serialized files now loaded: 0)
System memory in use before: 62.8 MB.
System memory in use after: 62.8 MB.

Unloading 8 unused Assets to reduce memory usage. Loaded Objects now: 1644.
Total: 1.476300 ms (FindLiveObjects: 0.118300 ms CreateObjectMapping: 0.027000 ms MarkObjects: 1.254300 ms  DeleteObjects: 0.076000 ms)

========================================================================
Received Prepare
Registering precompiled user dll's ...
Registered in 0.000700 seconds.
Begin MonoManager ReloadAssembly
Native extension for WindowsStandalone target not found
Refreshing native plugins compatible for Editor in 0.18 ms, found 0 plugins.
Preloading 0 native plugins for Editor in 0.00 ms.
Invoked RoslynAnalysisRunner static constructor.
RoslynAnalysisRunner will not be running.
RoslynAnalysisRunner has terminated.
Mono: successfully reloaded assembly
- Completed reload, in  0.650 seconds
Platform modules already initialized, skipping
Refreshing native plugins compatible for Editor in 0.18 ms, found 0 plugins.
Preloading 0 native plugins for Editor in 0.00 ms.
Unloading 1100 Unused Serialized files (Serialized files now loaded: 0)
System memory in use before: 63.0 MB.
System memory in use after: 63.0 MB.

Unloading 8 unused Assets to reduce memory usage. Loaded Objects now: 1646.
Total: 1.540100 ms (FindLiveObjects: 0.123100 ms CreateObjectMapping: 0.025700 ms MarkObjects: 1.314600 ms  DeleteObjects: 0.075900 ms)

========================================================================
Received Prepare
Registering precompiled user dll's ...
Registered in 0.000885 seconds.
Begin MonoManager ReloadAssembly
Native extension for WindowsStandalone target not found
Refreshing native plugins compatible for Editor in 0.20 ms, found 0 plugins.
Preloading 0 native plugins for Editor in 0.00 ms.
Invoked RoslynAnalysisRunner static constructor.
RoslynAnalysisRunner will not be running.
RoslynAnalysisRunner has terminated.
Mono: successfully reloaded assembly
- Completed reload, in  0.647 seconds
Platform modules already initialized, skipping
Refreshing native plugins compatible for Editor in 0.19 ms, found 0 plugins.
Preloading 0 native plugins for Editor in 0.00 ms.
Unloading 1100 Unused Serialized files (Serialized files now loaded: 0)
System memory in use before: 63.1 MB.
System memory in use after: 63.1 MB.

Unloading 8 unused Assets to reduce memory usage. Loaded Objects now: 1648.
Total: 1.528400 ms (FindLiveObjects: 0.122900 ms CreateObjectMapping: 0.029400 ms MarkObjects: 1.286000 ms  DeleteObjects: 0.089100 ms)

========================================================================
Received Prepare
Registering precompiled user dll's ...
Registered in 0.000779 seconds.
Begin MonoManager ReloadAssembly
Native extension for WindowsStandalone target not found
Refreshing native plugins compatible for Editor in 0.19 ms, found 0 plugins.
Preloading 0 native plugins for Editor in 0.00 ms.
Invoked RoslynAnalysisRunner static constructor.
RoslynAnalysisRunner will not be running.
RoslynAnalysisRunner has terminated.
Mono: successfully reloaded assembly
- Completed reload, in  0.647 seconds
Platform modules already initialized, skipping
Refreshing native plugins compatible for Editor in 0.18 ms, found 0 plugins.
Preloading 0 native plugins for Editor in 0.00 ms.
Unloading 1100 Unused Serialized files (Serialized files now loaded: 0)
System memory in use before: 62.5 MB.
System memory in use after: 62.5 MB.

Unloading 8 unused Assets to reduce memory usage. Loaded Objects now: 1650.
Total: 1.947100 ms (FindLiveObjects: 0.186400 ms CreateObjectMapping: 0.051100 ms MarkObjects: 1.609600 ms  DeleteObjects: 0.098500 ms)

========================================================================
Received Prepare
Registering precompiled user dll's ...
Registered in 0.000635 seconds.
Begin MonoManager ReloadAssembly
Native extension for WindowsStandalone target not found
Refreshing native plugins compatible for Editor in 0.19 ms, found 0 plugins.
Preloading 0 native plugins for Editor in 0.00 ms.
Invoked RoslynAnalysisRunner static constructor.
RoslynAnalysisRunner will not be running.
RoslynAnalysisRunner has terminated.
Mono: successfully reloaded assembly
- Completed reload, in  0.617 seconds
Platform modules already initialized, skipping
Refreshing native plugins compatible for Editor in 0.18 ms, found 0 plugins.
Preloading 0 native plugins for Editor in 0.00 ms.
Unloading 1100 Unused Serialized files (Serialized files now loaded: 0)
System memory in use before: 62.7 MB.
System memory in use after: 62.7 MB.

Unloading 8 unused Assets to reduce memory usage. Loaded Objects now: 1652.
Total: 1.458100 ms (FindLiveObjects: 0.134400 ms CreateObjectMapping: 0.033000 ms MarkObjects: 1.212500 ms  DeleteObjects: 0.077400 ms)

========================================================================
Received Import Request.
  Time since last request: 563.753110 seconds.
  path: Assets/Materials/Unlit_ProximityColorChange.mat
  artifactKey: Guid(8a7f48947a490f841a8ede68af5d7ece) Importer(815301076,1909f56bfc062723c751e8b465ee728b)
Start importing Assets/Materials/Unlit_ProximityColorChange.mat using Guid(8a7f48947a490f841a8ede68af5d7ece) Importer(815301076,1909f56bfc062723c751e8b465ee728b)  -> (artifact id: '9e39eacacd1afd4ceeafb22ead6c737e') in 0.045531 seconds
  Import took 0.047282 seconds .

========================================================================
Received Prepare
Registering precompiled user dll's ...
Registered in 0.000669 seconds.
Begin MonoManager ReloadAssembly
Native extension for WindowsStandalone target not found
Refreshing native plugins compatible for Editor in 0.19 ms, found 0 plugins.
Preloading 0 native plugins for Editor in 0.00 ms.
Invoked RoslynAnalysisRunner static constructor.
RoslynAnalysisRunner will not be running.
RoslynAnalysisRunner has terminated.
Mono: successfully reloaded assembly
- Completed reload, in  0.643 seconds
Platform modules already initialized, skipping
Refreshing native plugins compatible for Editor in 0.22 ms, found 0 plugins.
Preloading 0 native plugins for Editor in 0.00 ms.
Unloading 1100 Unused Serialized files (Serialized files now loaded: 0)
System memory in use before: 62.9 MB.
System memory in use after: 62.9 MB.

Unloading 8 unused Assets to reduce memory usage. Loaded Objects now: 1655.
Total: 1.680100 ms (FindLiveObjects: 0.145100 ms CreateObjectMapping: 0.032900 ms MarkObjects: 1.421600 ms  DeleteObjects: 0.079800 ms)

========================================================================
Received Prepare
Registering precompiled user dll's ...
Registered in 0.000668 seconds.
Begin MonoManager ReloadAssembly
Native extension for WindowsStandalone target not found
Refreshing native plugins compatible for Editor in 0.18 ms, found 0 plugins.
Preloading 0 native plugins for Editor in 0.00 ms.
Invoked RoslynAnalysisRunner static constructor.
RoslynAnalysisRunner will not be running.
RoslynAnalysisRunner has terminated.
Mono: successfully reloaded assembly
- Completed reload, in  0.646 seconds
Platform modules already initialized, skipping
Refreshing native plugins compatible for Editor in 0.19 ms, found 0 plugins.
Preloading 0 native plugins for Editor in 0.00 ms.
Unloading 1100 Unused Serialized files (Serialized files now loaded: 0)
System memory in use before: 63.1 MB.
System memory in use after: 63.1 MB.

Unloading 8 unused Assets to reduce memory usage. Loaded Objects now: 1657.
Total: 1.484800 ms (FindLiveObjects: 0.141100 ms CreateObjectMapping: 0.033200 ms MarkObjects: 1.225600 ms  DeleteObjects: 0.083900 ms)

========================================================================
Received Import Request.
  Time since last request: 3884.140755 seconds.
  path: Assets/Shaders/HealthbarMat.mat
  artifactKey: Guid(96b96700722c4ab43b45e241744f3152) Importer(815301076,1909f56bfc062723c751e8b465ee728b)
Start importing Assets/Shaders/HealthbarMat.mat using Guid(96b96700722c4ab43b45e241744f3152) Importer(815301076,1909f56bfc062723c751e8b465ee728b)  -> (artifact id: 'e9b8df0f5680e02c5c6360edb0d95d74') in 0.056423 seconds
  Import took 0.058169 seconds .

========================================================================
Received Import Request.
  Time since last request: 99.631859 seconds.
  path: Assets/Textures/MicrosoftTeams-image.png
  artifactKey: Guid(c2b397577b906a845ac1a267e65875df) Importer(815301076,1909f56bfc062723c751e8b465ee728b)
Start importing Assets/Textures/MicrosoftTeams-image.png using Guid(c2b397577b906a845ac1a267e65875df) Importer(815301076,1909f56bfc062723c751e8b465ee728b)  -> (artifact id: '8d7949ba1a1bb3945479c34d14c993ff') in 0.013506 seconds
  Import took 0.015563 seconds .

========================================================================
Received Import Request.
  Time since last request: 0.000527 seconds.
  path: Assets/Textures/MicrosoftTeams-image.png
  artifactKey: Guid(c2b397577b906a845ac1a267e65875df) Importer(815301076,1909f56bfc062723c751e8b465ee728b)
Start importing Assets/Textures/MicrosoftTeams-image.png using Guid(c2b397577b906a845ac1a267e65875df) Importer(815301076,1909f56bfc062723c751e8b465ee728b)  -> (artifact id: '8d7949ba1a1bb3945479c34d14c993ff') in 0.005246 seconds
  Import took 0.007090 seconds .

========================================================================
Received Import Request.
  Time since last request: 63.334779 seconds.
  path: Assets/Shaders/ProximityColorChange.shader
  artifactKey: Guid(0da22388ca9bfa34a905d25315d8394b) Importer(815301076,1909f56bfc062723c751e8b465ee728b)
Start importing Assets/Shaders/ProximityColorChange.shader using Guid(0da22388ca9bfa34a905d25315d8394b) Importer(815301076,1909f56bfc062723c751e8b465ee728b)  -> (artifact id: '231e0127fa034088a5dfb6f33f455269') in 0.002407 seconds
  Import took 0.004200 seconds .

========================================================================
Received Import Request.
  Time since last request: 11.470930 seconds.
  path: Assets/Shaders/TestMat.mat
  artifactKey: Guid(5b9c02dbb2006464bb72d20d898158de) Importer(815301076,1909f56bfc062723c751e8b465ee728b)
Start importing Assets/Shaders/TestMat.mat using Guid(5b9c02dbb2006464bb72d20d898158de) Importer(815301076,1909f56bfc062723c751e8b465ee728b)  -> (artifact id: '3757a89ac3156d084000c959af83a32a') in 0.012408 seconds
  Import took 0.014317 seconds .

========================================================================
Received Import Request.
  Time since last request: 14.419542 seconds.
  path: Assets/Shaders/LightingMat.mat
  artifactKey: Guid(02a46a88eba374443b3eeab7999745b8) Importer(815301076,1909f56bfc062723c751e8b465ee728b)
Start importing Assets/Shaders/LightingMat.mat using Guid(02a46a88eba374443b3eeab7999745b8) Importer(815301076,1909f56bfc062723c751e8b465ee728b)  -> (artifact id: '10bce3ff6a6496ceb28e6f67ae4f5f43') in 0.018577 seconds
  Import took 0.020328 seconds .

========================================================================
Received Import Request.
  Time since last request: 68.532395 seconds.
  path: Assets/Textures/MicrosoftTeams-image (2).png
  artifactKey: Guid(023a4db768067544e987e5ce8cc2e79b) Importer(815301076,1909f56bfc062723c751e8b465ee728b)
Start importing Assets/Textures/MicrosoftTeams-image (2).png using Guid(023a4db768067544e987e5ce8cc2e79b) Importer(815301076,1909f56bfc062723c751e8b465ee728b)  -> (artifact id: '9201f69b83431ca7fc136163cdb979b2') in 0.033640 seconds
  Import took 0.035385 seconds .

========================================================================
Received Import Request.
  Time since last request: 76.881116 seconds.
  path: Assets/Textures/MicrosoftTeams-image 2.png
  artifactKey: Guid(aec0fbe0c00634a40b3c65dd5a18883d) Importer(815301076,1909f56bfc062723c751e8b465ee728b)
Start importing Assets/Textures/MicrosoftTeams-image 2.png using Guid(aec0fbe0c00634a40b3c65dd5a18883d) Importer(815301076,1909f56bfc062723c751e8b465ee728b)  -> (artifact id: '06b04d1e944ed3cead59d6e53c6c79fa') in 0.012320 seconds
  Import took 0.014237 seconds .

========================================================================
Received Import Request.
  Time since last request: 5.346372 seconds.
  path: Assets/Textures/MicrosoftTeams-image 1.png
  artifactKey: Guid(4227a4c4fddc3e0458d1caadca5ce23d) Importer(815301076,1909f56bfc062723c751e8b465ee728b)
Start importing Assets/Textures/MicrosoftTeams-image 1.png using Guid(4227a4c4fddc3e0458d1caadca5ce23d) Importer(815301076,1909f56bfc062723c751e8b465ee728b)  -> (artifact id: 'f2b2d38d25d5be396ae8b43b4bf25a87') in 0.014107 seconds
  Import took 0.015843 seconds .

========================================================================
Received Import Request.
  Time since last request: 79.282673 seconds.
  path: Assets/Materials/MicrosoftTeams-image.mat
  artifactKey: Guid(28a279947158e254da8261fb830c3100) Importer(815301076,1909f56bfc062723c751e8b465ee728b)
Start importing Assets/Materials/MicrosoftTeams-image.mat using Guid(28a279947158e254da8261fb830c3100) Importer(815301076,1909f56bfc062723c751e8b465ee728b)  -> (artifact id: '748c88b74a32a5906e14c03a70a52054') in 0.011448 seconds
  Import took 0.013548 seconds .

========================================================================
Received Import Request.
  Time since last request: 0.000256 seconds.
  path: Assets/Materials/Unlit_ProximityColorChange.mat
  artifactKey: Guid(8a7f48947a490f841a8ede68af5d7ece) Importer(815301076,1909f56bfc062723c751e8b465ee728b)
Start importing Assets/Materials/Unlit_ProximityColorChange.mat using Guid(8a7f48947a490f841a8ede68af5d7ece) Importer(815301076,1909f56bfc062723c751e8b465ee728b)  -> (artifact id: 'ec1465507727b6587b837aea9818f813') in 0.006838 seconds
  Import took 0.008614 seconds .

========================================================================
Received Import Request.
  Time since last request: 46.450734 seconds.
  path: Assets/Materials/LightingMat.mat
  artifactKey: Guid(02a46a88eba374443b3eeab7999745b8) Importer(815301076,1909f56bfc062723c751e8b465ee728b)
Start importing Assets/Materials/LightingMat.mat using Guid(02a46a88eba374443b3eeab7999745b8) Importer(815301076,1909f56bfc062723c751e8b465ee728b)  -> (artifact id: '3971e6ca575f1113dc615689bd18a609') in 0.022840 seconds
  Import took 0.024603 seconds .

========================================================================
Received Import Request.
  Time since last request: 0.000217 seconds.
  path: Assets/Materials/TestMat.mat
  artifactKey: Guid(5b9c02dbb2006464bb72d20d898158de) Importer(815301076,1909f56bfc062723c751e8b465ee728b)
Start importing Assets/Materials/TestMat.mat using Guid(5b9c02dbb2006464bb72d20d898158de) Importer(815301076,1909f56bfc062723c751e8b465ee728b)  -> (artifact id: '2344202f7f08f38c06be812b9750cffc') in 0.009752 seconds
  Import took 0.011363 seconds .

AssetImportWorkerClient::OnTransportError - code=2 error=End of file
