Using pre-set license
Built from '2020.2/release' branch; Version is '2020.2.2f1 (068178b99f32) revision 426360'; Using compiler version '192528614'; Build Type 'Release'
OS: 'Windows 10 Home; OS build 19042.1348; Version 2009; 64bit' Language: 'en' Physical Memory: 16344 MB
BatchMode: 1, IsHumanControllingUs: 0, StartBugReporterOnCrash: 0, Is64bit: 1, IsPro: 0

 COMMAND LINE ARGUMENTS:
D:\Program Files\Unity\2020.2.2f1\Editor\Unity.exe
-adb2
-batchMode
-noUpm
-name
AssetImportWorker0
-projectPath
C:/Users/julia/Documents/GitHub/Shader Assessment
-logFile
Logs/AssetImportWorker0.log
-srvPort
55830
Successfully changed project path to: C:/Users/julia/Documents/GitHub/Shader Assessment
C:/Users/julia/Documents/GitHub/Shader Assessment
Using Asset Import Pipeline V2.
Refreshing native plugins compatible for Editor in 23.26 ms, found 0 plugins.
Preloading 0 native plugins for Editor in 0.00 ms.
Initialize engine version: 2020.2.2f1 (068178b99f32)
[Subsystems] Discovering subsystems at path D:/Program Files/Unity/2020.2.2f1/Editor/Data/Resources/UnitySubsystems
[Subsystems] Discovering subsystems at path C:/Users/julia/Documents/GitHub/Shader Assessment/Assets
GfxDevice: creating device client; threaded=0
Direct3D:
    Version:  Direct3D 11.0 [level 11.1]
    Renderer: NVIDIA GeForce GTX 1070 Ti (ID=0x1b82)
    Vendor:   
    VRAM:     8079 MB
    Driver:   30.0.14.7212
Initialize mono
Mono path[0] = 'D:/Program Files/Unity/2020.2.2f1/Editor/Data/Managed'
Mono path[1] = 'D:/Program Files/Unity/2020.2.2f1/Editor/Data/MonoBleedingEdge/lib/mono/unityjit'
Mono config path = 'D:/Program Files/Unity/2020.2.2f1/Editor/Data/MonoBleedingEdge/etc'
Using monoOptions --debugger-agent=transport=dt_socket,embedding=1,server=y,suspend=n,address=127.0.0.1:56072
Begin MonoManager ReloadAssembly
Registering precompiled unity dll's ...
Register platform support module: D:/Program Files/Unity/2020.2.2f1/Editor/Data/PlaybackEngines/WindowsStandaloneSupport/UnityEditor.WindowsStandalone.Extensions.dll
Registered in 0.001097 seconds.
Native extension for WindowsStandalone target not found
Refreshing native plugins compatible for Editor in 21.54 ms, found 0 plugins.
Preloading 0 native plugins for Editor in 0.00 ms.
Invoked RoslynAnalysisRunner static constructor.
RoslynAnalysisRunner will not be running.
RoslynAnalysisRunner has terminated.
Mono: successfully reloaded assembly
- Completed reload, in  2.244 seconds
Platform modules already initialized, skipping
Registering precompiled user dll's ...
Registered in 0.000682 seconds.
Begin MonoManager ReloadAssembly
Native extension for WindowsStandalone target not found
Refreshing native plugins compatible for Editor in 0.21 ms, found 0 plugins.
Preloading 0 native plugins for Editor in 0.00 ms.
Invoked RoslynAnalysisRunner static constructor.
RoslynAnalysisRunner will not be running.
RoslynAnalysisRunner has terminated.
Mono: successfully reloaded assembly
- Completed reload, in  0.921 seconds
Platform modules already initialized, skipping
========================================================================
Worker process is ready to serve import requests
Launched and connected shader compiler UnityShaderCompiler.exe after 0.31 seconds
Refreshing native plugins compatible for Editor in 0.31 ms, found 0 plugins.
Preloading 0 native plugins for Editor in 0.00 ms.
Unloading 1116 Unused Serialized files (Serialized files now loaded: 0)
System memory in use before: 77.3 MB.
System memory in use after: 77.4 MB.

Unloading 9 unused Assets to reduce memory usage. Loaded Objects now: 1581.
Total: 3.787800 ms (FindLiveObjects: 0.319900 ms CreateObjectMapping: 0.117800 ms MarkObjects: 3.033300 ms  DeleteObjects: 0.315100 ms)

========================================================================
Received Import Request.
  path: Assets/Scripts/AutoMovePlayer.cs
  artifactKey: Guid(1d3bfa582768a3a4b870622256b1cb3a) Importer(815301076,1909f56bfc062723c751e8b465ee728b)
Start importing Assets/Scripts/AutoMovePlayer.cs using Guid(1d3bfa582768a3a4b870622256b1cb3a) Importer(815301076,1909f56bfc062723c751e8b465ee728b)  -> (artifact id: '695ea77c286572b552ccb6df4ab597a7') in 0.091199 seconds
  Import took 0.096025 seconds .

========================================================================
Received Import Request.
  Time since last request: 15.555949 seconds.
  path: Assets/Scripts/ProximityColorChange.cs
  artifactKey: Guid(b1cdbc226e7c5a64f9631169d5d5829c) Importer(815301076,1909f56bfc062723c751e8b465ee728b)
Start importing Assets/Scripts/ProximityColorChange.cs using Guid(b1cdbc226e7c5a64f9631169d5d5829c) Importer(815301076,1909f56bfc062723c751e8b465ee728b)  -> (artifact id: '6d31d39cbeb1bb5802cac66b00cd69b0') in 0.007227 seconds
  Import took 0.009249 seconds .

========================================================================
Received Import Request.
  Time since last request: 1.206534 seconds.
  path: Assets/Scripts/InvisSurface.cs
  artifactKey: Guid(cfdc4439263b2d84d9c45f7c7a6952b9) Importer(815301076,1909f56bfc062723c751e8b465ee728b)
Start importing Assets/Scripts/InvisSurface.cs using Guid(cfdc4439263b2d84d9c45f7c7a6952b9) Importer(815301076,1909f56bfc062723c751e8b465ee728b)  -> (artifact id: 'faea783ec98f47e54936dcf274b09315') in 0.005953 seconds
  Import took 0.007595 seconds .

========================================================================
Received Import Request.
  Time since last request: 0.001261 seconds.
  path: Assets/Scripts/InvisSurface.cs
  artifactKey: Guid(cfdc4439263b2d84d9c45f7c7a6952b9) Importer(815301076,1909f56bfc062723c751e8b465ee728b)
Start importing Assets/Scripts/InvisSurface.cs using Guid(cfdc4439263b2d84d9c45f7c7a6952b9) Importer(815301076,1909f56bfc062723c751e8b465ee728b)  -> (artifact id: 'faea783ec98f47e54936dcf274b09315') in 0.001962 seconds
  Import took 0.003633 seconds .

========================================================================
Received Import Request.
  Time since last request: 0.681494 seconds.
  path: Assets/Scripts/HealthbarShader.cs
  artifactKey: Guid(2f3c081ddd8bc294d8d6f47c49e90d46) Importer(815301076,1909f56bfc062723c751e8b465ee728b)
Start importing Assets/Scripts/HealthbarShader.cs using Guid(2f3c081ddd8bc294d8d6f47c49e90d46) Importer(815301076,1909f56bfc062723c751e8b465ee728b)  -> (artifact id: 'f47da14441bc23667844c0f97e0fbb95') in 0.005108 seconds
  Import took 0.007262 seconds .

========================================================================
Received Import Request.
  Time since last request: 0.583365 seconds.
  path: Assets/Scripts/CameraPosChanger.cs
  artifactKey: Guid(841049541b676e245baddc6803df49e7) Importer(815301076,1909f56bfc062723c751e8b465ee728b)
Start importing Assets/Scripts/CameraPosChanger.cs using Guid(841049541b676e245baddc6803df49e7) Importer(815301076,1909f56bfc062723c751e8b465ee728b)  -> (artifact id: 'f06861a68ced3c44624c26011b006591') in 0.006275 seconds
  Import took 0.008153 seconds .

========================================================================
Received Import Request.
  Time since last request: 68.663187 seconds.
  path: Assets/Scripts/CameraPosChanger.cs
  artifactKey: Guid(841049541b676e245baddc6803df49e7) Importer(815301076,1909f56bfc062723c751e8b465ee728b)
Start importing Assets/Scripts/CameraPosChanger.cs using Guid(841049541b676e245baddc6803df49e7) Importer(815301076,1909f56bfc062723c751e8b465ee728b)  -> (artifact id: '194b9a6e10ec8a924169b39efd37b42c') in 0.002217 seconds
  Import took 0.004831 seconds .

========================================================================
Received Import Request.
  Time since last request: 0.002455 seconds.
  path: Assets/Scripts/CameraPosChanger.cs
  artifactKey: Guid(841049541b676e245baddc6803df49e7) Importer(815301076,1909f56bfc062723c751e8b465ee728b)
Start importing Assets/Scripts/CameraPosChanger.cs using Guid(841049541b676e245baddc6803df49e7) Importer(815301076,1909f56bfc062723c751e8b465ee728b)  -> (artifact id: '194b9a6e10ec8a924169b39efd37b42c') in 0.001957 seconds
  Import took 0.003697 seconds .

========================================================================
Received Prepare
Registering precompiled user dll's ...
Registered in 0.000687 seconds.
Begin MonoManager ReloadAssembly
Native extension for WindowsStandalone target not found
Refreshing native plugins compatible for Editor in 0.21 ms, found 0 plugins.
Preloading 0 native plugins for Editor in 0.00 ms.
Invoked RoslynAnalysisRunner static constructor.
RoslynAnalysisRunner will not be running.
RoslynAnalysisRunner has terminated.
Mono: successfully reloaded assembly
- Completed reload, in  0.631 seconds
Platform modules already initialized, skipping
Refreshing native plugins compatible for Editor in 0.24 ms, found 0 plugins.
Preloading 0 native plugins for Editor in 0.00 ms.
Unloading 1105 Unused Serialized files (Serialized files now loaded: 0)
System memory in use before: 77.3 MB.
System memory in use after: 77.4 MB.

Unloading 5 unused Assets to reduce memory usage. Loaded Objects now: 1583.
Total: 1.408900 ms (FindLiveObjects: 0.128200 ms CreateObjectMapping: 0.026900 ms MarkObjects: 1.202400 ms  DeleteObjects: 0.050800 ms)

========================================================================
Received Import Request.
  Time since last request: 94.323740 seconds.
  path: Assets/Scripts/CameraPosChanger.cs
  artifactKey: Guid(841049541b676e245baddc6803df49e7) Importer(815301076,1909f56bfc062723c751e8b465ee728b)
Start importing Assets/Scripts/CameraPosChanger.cs using Guid(841049541b676e245baddc6803df49e7) Importer(815301076,1909f56bfc062723c751e8b465ee728b)  -> (artifact id: 'd3e61b0c904dc917a9623cdf1fded38f') in 0.003459 seconds
  Import took 0.005489 seconds .

========================================================================
Received Prepare
Registering precompiled user dll's ...
Registered in 0.000631 seconds.
Begin MonoManager ReloadAssembly
Native extension for WindowsStandalone target not found
Refreshing native plugins compatible for Editor in 0.20 ms, found 0 plugins.
Preloading 0 native plugins for Editor in 0.00 ms.
Invoked RoslynAnalysisRunner static constructor.
RoslynAnalysisRunner will not be running.
RoslynAnalysisRunner has terminated.
Mono: successfully reloaded assembly
- Completed reload, in  0.618 seconds
Platform modules already initialized, skipping
Refreshing native plugins compatible for Editor in 0.18 ms, found 0 plugins.
Preloading 0 native plugins for Editor in 0.00 ms.
Unloading 1105 Unused Serialized files (Serialized files now loaded: 0)
System memory in use before: 77.9 MB.
System memory in use after: 78.0 MB.

Unloading 5 unused Assets to reduce memory usage. Loaded Objects now: 1585.
Total: 1.973600 ms (FindLiveObjects: 0.122400 ms CreateObjectMapping: 0.028000 ms MarkObjects: 1.766100 ms  DeleteObjects: 0.056100 ms)

========================================================================
Received Prepare
Registering precompiled user dll's ...
Registered in 0.000599 seconds.
Begin MonoManager ReloadAssembly
Native extension for WindowsStandalone target not found
Refreshing native plugins compatible for Editor in 0.22 ms, found 0 plugins.
Preloading 0 native plugins for Editor in 0.00 ms.
Invoked RoslynAnalysisRunner static constructor.
RoslynAnalysisRunner will not be running.
RoslynAnalysisRunner has terminated.
Mono: successfully reloaded assembly
- Completed reload, in  0.638 seconds
Platform modules already initialized, skipping
Refreshing native plugins compatible for Editor in 0.18 ms, found 0 plugins.
Preloading 0 native plugins for Editor in 0.00 ms.
Unloading 1105 Unused Serialized files (Serialized files now loaded: 0)
System memory in use before: 78.3 MB.
System memory in use after: 78.4 MB.

Unloading 5 unused Assets to reduce memory usage. Loaded Objects now: 1587.
Total: 1.427000 ms (FindLiveObjects: 0.121200 ms CreateObjectMapping: 0.027100 ms MarkObjects: 1.228700 ms  DeleteObjects: 0.049300 ms)

========================================================================
Received Prepare
Registering precompiled user dll's ...
Registered in 0.000643 seconds.
Begin MonoManager ReloadAssembly
Native extension for WindowsStandalone target not found
Refreshing native plugins compatible for Editor in 0.18 ms, found 0 plugins.
Preloading 0 native plugins for Editor in 0.00 ms.
Invoked RoslynAnalysisRunner static constructor.
RoslynAnalysisRunner will not be running.
RoslynAnalysisRunner has terminated.
Mono: successfully reloaded assembly
- Completed reload, in  0.613 seconds
Platform modules already initialized, skipping
Refreshing native plugins compatible for Editor in 0.20 ms, found 0 plugins.
Preloading 0 native plugins for Editor in 0.00 ms.
Unloading 1105 Unused Serialized files (Serialized files now loaded: 0)
System memory in use before: 78.0 MB.
System memory in use after: 78.1 MB.

Unloading 5 unused Assets to reduce memory usage. Loaded Objects now: 1589.
Total: 2.365500 ms (FindLiveObjects: 0.132000 ms CreateObjectMapping: 0.030000 ms MarkObjects: 2.132500 ms  DeleteObjects: 0.070000 ms)

========================================================================
Received Import Request.
  Time since last request: 187.424985 seconds.
  path: Assets/Scenes/Particles.unity
  artifactKey: Guid(3b2e72eb59328f5459ff3c207372bc5b) Importer(815301076,1909f56bfc062723c751e8b465ee728b)
Start importing Assets/Scenes/Particles.unity using Guid(3b2e72eb59328f5459ff3c207372bc5b) Importer(815301076,1909f56bfc062723c751e8b465ee728b)  -> (artifact id: 'e4f420ce25c643c1b607a7efd946babc') in 0.014272 seconds
  Import took 0.016271 seconds .

========================================================================
Received Prepare
Registering precompiled user dll's ...
Registered in 0.000659 seconds.
Begin MonoManager ReloadAssembly
Native extension for WindowsStandalone target not found
Refreshing native plugins compatible for Editor in 0.18 ms, found 0 plugins.
Preloading 0 native plugins for Editor in 0.00 ms.
Invoked RoslynAnalysisRunner static constructor.
RoslynAnalysisRunner will not be running.
RoslynAnalysisRunner has terminated.
Mono: successfully reloaded assembly
- Completed reload, in  0.647 seconds
Platform modules already initialized, skipping
Refreshing native plugins compatible for Editor in 0.20 ms, found 0 plugins.
Preloading 0 native plugins for Editor in 0.00 ms.
Unloading 1105 Unused Serialized files (Serialized files now loaded: 0)
System memory in use before: 78.4 MB.
System memory in use after: 78.4 MB.

Unloading 5 unused Assets to reduce memory usage. Loaded Objects now: 1591.
Total: 1.344000 ms (FindLiveObjects: 0.128100 ms CreateObjectMapping: 0.025200 ms MarkObjects: 1.140400 ms  DeleteObjects: 0.049600 ms)

========================================================================
Received Import Request.
  Time since last request: 50.557795 seconds.
  path: Assets/Scenes/Particles.unity
  artifactKey: Guid(3b2e72eb59328f5459ff3c207372bc5b) Importer(815301076,1909f56bfc062723c751e8b465ee728b)
Start importing Assets/Scenes/Particles.unity using Guid(3b2e72eb59328f5459ff3c207372bc5b) Importer(815301076,1909f56bfc062723c751e8b465ee728b)  -> (artifact id: '931049170b801da0bc1ac4873e0cd2eb') in 0.010481 seconds
  Import took 0.012469 seconds .

========================================================================
Received Prepare
Registering precompiled user dll's ...
Registered in 0.000634 seconds.
Begin MonoManager ReloadAssembly
Native extension for WindowsStandalone target not found
Refreshing native plugins compatible for Editor in 0.18 ms, found 0 plugins.
Preloading 0 native plugins for Editor in 0.00 ms.
Invoked RoslynAnalysisRunner static constructor.
RoslynAnalysisRunner will not be running.
RoslynAnalysisRunner has terminated.
Mono: successfully reloaded assembly
- Completed reload, in  0.656 seconds
Platform modules already initialized, skipping
Refreshing native plugins compatible for Editor in 0.20 ms, found 0 plugins.
Preloading 0 native plugins for Editor in 0.00 ms.
Unloading 1105 Unused Serialized files (Serialized files now loaded: 0)
System memory in use before: 78.1 MB.
System memory in use after: 78.2 MB.

Unloading 5 unused Assets to reduce memory usage. Loaded Objects now: 1593.
Total: 1.476800 ms (FindLiveObjects: 0.107700 ms CreateObjectMapping: 0.028100 ms MarkObjects: 1.289700 ms  DeleteObjects: 0.050700 ms)

========================================================================
Received Import Request.
  Time since last request: 144.264866 seconds.
  path: Assets/Materials/Particle Materials
  artifactKey: Guid(af52101758707514494ed4db84fcf609) Importer(815301076,1909f56bfc062723c751e8b465ee728b)
Start importing Assets/Materials/Particle Materials using Guid(af52101758707514494ed4db84fcf609) Importer(815301076,1909f56bfc062723c751e8b465ee728b)  -> (artifact id: 'e61819c22a865ef935ed0dcc4fb46abf') in 0.007249 seconds
  Import took 0.009200 seconds .

========================================================================
Received Import Request.
  Time since last request: 13.738675 seconds.
  path: Assets/Materials/Particle Materials/Blue.mat
  artifactKey: Guid(b896ab89542adfc41b07b4fbcca1fefd) Importer(815301076,1909f56bfc062723c751e8b465ee728b)
Start importing Assets/Materials/Particle Materials/Blue.mat using Guid(b896ab89542adfc41b07b4fbcca1fefd) Importer(815301076,1909f56bfc062723c751e8b465ee728b)  -> (artifact id: 'f317cd9714852c947ef9d469a07cd1e6') in 0.098392 seconds
  Import took 0.100398 seconds .

========================================================================
Received Import Request.
  Time since last request: 27.233821 seconds.
  path: Assets/Materials/Particle Materials/Blue.mat
  artifactKey: Guid(b896ab89542adfc41b07b4fbcca1fefd) Importer(815301076,1909f56bfc062723c751e8b465ee728b)
Start importing Assets/Materials/Particle Materials/Blue.mat using Guid(b896ab89542adfc41b07b4fbcca1fefd) Importer(815301076,1909f56bfc062723c751e8b465ee728b)  -> (artifact id: '7583b9f84ea5e54153a623d7e492e543') in 0.010036 seconds
  Import took 0.012057 seconds .

========================================================================
Received Import Request.
  Time since last request: 12.471758 seconds.
  path: Assets/Materials/Particle Materials/Red.mat
  artifactKey: Guid(d59d20aa1f2074f428082191fddfa961) Importer(815301076,1909f56bfc062723c751e8b465ee728b)
Start importing Assets/Materials/Particle Materials/Red.mat using Guid(d59d20aa1f2074f428082191fddfa961) Importer(815301076,1909f56bfc062723c751e8b465ee728b)  -> (artifact id: '65ce5bc9ceda92af46d236776c91d575') in 0.010839 seconds
  Import took 0.013126 seconds .

========================================================================
Received Prepare
Registering precompiled user dll's ...
Registered in 0.000782 seconds.
Begin MonoManager ReloadAssembly
Native extension for WindowsStandalone target not found
Refreshing native plugins compatible for Editor in 0.19 ms, found 0 plugins.
Preloading 0 native plugins for Editor in 0.00 ms.
Invoked RoslynAnalysisRunner static constructor.
RoslynAnalysisRunner will not be running.
RoslynAnalysisRunner has terminated.
Mono: successfully reloaded assembly
- Completed reload, in  0.618 seconds
Platform modules already initialized, skipping
Refreshing native plugins compatible for Editor in 0.22 ms, found 0 plugins.
Preloading 0 native plugins for Editor in 0.00 ms.
Unloading 1105 Unused Serialized files (Serialized files now loaded: 0)
System memory in use before: 81.7 MB.
System memory in use after: 81.8 MB.

Unloading 5 unused Assets to reduce memory usage. Loaded Objects now: 1635.
Total: 1.545700 ms (FindLiveObjects: 0.129700 ms CreateObjectMapping: 0.032000 ms MarkObjects: 1.328200 ms  DeleteObjects: 0.054700 ms)

========================================================================
Received Import Request.
  Time since last request: 155.865060 seconds.
  path: Assets/Scripts/Shrapnel.cs
  artifactKey: Guid(302a5c345cb5d754d97cb700468ae322) Importer(815301076,1909f56bfc062723c751e8b465ee728b)
Start importing Assets/Scripts/Shrapnel.cs using Guid(302a5c345cb5d754d97cb700468ae322) Importer(815301076,1909f56bfc062723c751e8b465ee728b)  -> (artifact id: 'fde64d195f8c5e8e135ddd8828f3b8bb') in 0.006950 seconds
  Import took 0.009070 seconds .

========================================================================
Received Import Request.
  Time since last request: 0.002204 seconds.
  path: Assets/Scripts/Shrapnel.cs
  artifactKey: Guid(302a5c345cb5d754d97cb700468ae322) Importer(815301076,1909f56bfc062723c751e8b465ee728b)
Start importing Assets/Scripts/Shrapnel.cs using Guid(302a5c345cb5d754d97cb700468ae322) Importer(815301076,1909f56bfc062723c751e8b465ee728b)  -> (artifact id: 'fde64d195f8c5e8e135ddd8828f3b8bb') in 0.002009 seconds
  Import took 0.003635 seconds .

========================================================================
Received Import Request.
  Time since last request: 31.137167 seconds.
  path: Assets/Scripts/BulletShell.cs
  artifactKey: Guid(21e8cf977752cd24fb96c0fac43946dd) Importer(815301076,1909f56bfc062723c751e8b465ee728b)
Start importing Assets/Scripts/BulletShell.cs using Guid(21e8cf977752cd24fb96c0fac43946dd) Importer(815301076,1909f56bfc062723c751e8b465ee728b)  -> (artifact id: 'ad2861ad60ef0786375fa835644dbd61') in 0.006124 seconds
  Import took 0.008310 seconds .

========================================================================
Received Prepare
Registering precompiled user dll's ...
Registered in 0.000595 seconds.
Begin MonoManager ReloadAssembly
Native extension for WindowsStandalone target not found
Refreshing native plugins compatible for Editor in 0.19 ms, found 0 plugins.
Preloading 0 native plugins for Editor in 0.00 ms.
Invoked RoslynAnalysisRunner static constructor.
RoslynAnalysisRunner will not be running.
RoslynAnalysisRunner has terminated.
Mono: successfully reloaded assembly
- Completed reload, in  0.624 seconds
Platform modules already initialized, skipping
Refreshing native plugins compatible for Editor in 0.20 ms, found 0 plugins.
Preloading 0 native plugins for Editor in 0.00 ms.
Unloading 1106 Unused Serialized files (Serialized files now loaded: 0)
System memory in use before: 81.5 MB.
System memory in use after: 81.6 MB.

Unloading 5 unused Assets to reduce memory usage. Loaded Objects now: 1638.
Total: 1.744000 ms (FindLiveObjects: 0.203600 ms CreateObjectMapping: 0.056000 ms MarkObjects: 1.419200 ms  DeleteObjects: 0.063600 ms)

========================================================================
Received Import Request.
  Time since last request: 48.043066 seconds.
  path: Assets/Scripts/BulletShell.cs
  artifactKey: Guid(21e8cf977752cd24fb96c0fac43946dd) Importer(815301076,1909f56bfc062723c751e8b465ee728b)
Start importing Assets/Scripts/BulletShell.cs using Guid(21e8cf977752cd24fb96c0fac43946dd) Importer(815301076,1909f56bfc062723c751e8b465ee728b)  -> (artifact id: '11fb5a51e59aff799e4dccf4a08fd820') in 0.005604 seconds
  Import took 0.008658 seconds .

========================================================================
Received Prepare
Registering precompiled user dll's ...
Registered in 0.000629 seconds.
Begin MonoManager ReloadAssembly
Native extension for WindowsStandalone target not found
Refreshing native plugins compatible for Editor in 0.19 ms, found 0 plugins.
Preloading 0 native plugins for Editor in 0.00 ms.
Invoked RoslynAnalysisRunner static constructor.
RoslynAnalysisRunner will not be running.
RoslynAnalysisRunner has terminated.
Mono: successfully reloaded assembly
- Completed reload, in  0.613 seconds
Platform modules already initialized, skipping
Refreshing native plugins compatible for Editor in 0.20 ms, found 0 plugins.
Preloading 0 native plugins for Editor in 0.00 ms.
Unloading 1106 Unused Serialized files (Serialized files now loaded: 0)
System memory in use before: 81.7 MB.
System memory in use after: 81.8 MB.

Unloading 5 unused Assets to reduce memory usage. Loaded Objects now: 1640.
Total: 1.881300 ms (FindLiveObjects: 0.137100 ms CreateObjectMapping: 0.035100 ms MarkObjects: 1.646200 ms  DeleteObjects: 0.062000 ms)

========================================================================
Received Import Request.
  Time since last request: 6.883317 seconds.
  path: Assets/Prefabs/Shrapnel.prefab
  artifactKey: Guid(58ba960971ae3c645bfd279577ad84b8) Importer(815301076,1909f56bfc062723c751e8b465ee728b)
Start importing Assets/Prefabs/Shrapnel.prefab using Guid(58ba960971ae3c645bfd279577ad84b8) Importer(815301076,1909f56bfc062723c751e8b465ee728b)  -> (artifact id: '6bcdf23999d9f241f162f091130d3edc') in 0.023039 seconds
  Import took 0.025069 seconds .

========================================================================
Received Prepare
Registering precompiled user dll's ...
Registered in 0.000637 seconds.
Begin MonoManager ReloadAssembly
Native extension for WindowsStandalone target not found
Refreshing native plugins compatible for Editor in 0.19 ms, found 0 plugins.
Preloading 0 native plugins for Editor in 0.00 ms.
Invoked RoslynAnalysisRunner static constructor.
RoslynAnalysisRunner will not be running.
RoslynAnalysisRunner has terminated.
Mono: successfully reloaded assembly
- Completed reload, in  0.634 seconds
Platform modules already initialized, skipping
Refreshing native plugins compatible for Editor in 0.20 ms, found 0 plugins.
Preloading 0 native plugins for Editor in 0.00 ms.
Unloading 1106 Unused Serialized files (Serialized files now loaded: 0)
System memory in use before: 81.6 MB.
System memory in use after: 81.7 MB.

Unloading 5 unused Assets to reduce memory usage. Loaded Objects now: 1643.
Total: 1.668200 ms (FindLiveObjects: 0.129000 ms CreateObjectMapping: 0.031000 ms MarkObjects: 1.443700 ms  DeleteObjects: 0.063200 ms)

========================================================================
Received Import Request.
  Time since last request: 60.805271 seconds.
  path: Assets/Prefabs/Bullet Shell thing.prefab
  artifactKey: Guid(f907795816460b54e8fdcaf22f84d848) Importer(815301076,1909f56bfc062723c751e8b465ee728b)
Start importing Assets/Prefabs/Bullet Shell thing.prefab using Guid(f907795816460b54e8fdcaf22f84d848) Importer(815301076,1909f56bfc062723c751e8b465ee728b)  -> (artifact id: 'ef6bcd58df6759b7e1d6c5f7ecfd84f4') in 0.027498 seconds
  Import took 0.029839 seconds .

========================================================================
Received Prepare
Registering precompiled user dll's ...
Registered in 0.000667 seconds.
Begin MonoManager ReloadAssembly
Native extension for WindowsStandalone target not found
Refreshing native plugins compatible for Editor in 0.30 ms, found 0 plugins.
Preloading 0 native plugins for Editor in 0.00 ms.
Invoked RoslynAnalysisRunner static constructor.
RoslynAnalysisRunner will not be running.
RoslynAnalysisRunner has terminated.
Mono: successfully reloaded assembly
- Completed reload, in  0.633 seconds
Platform modules already initialized, skipping
Refreshing native plugins compatible for Editor in 0.18 ms, found 0 plugins.
Preloading 0 native plugins for Editor in 0.00 ms.
Unloading 1106 Unused Serialized files (Serialized files now loaded: 0)
System memory in use before: 81.8 MB.
System memory in use after: 81.8 MB.

Unloading 5 unused Assets to reduce memory usage. Loaded Objects now: 1645.
Total: 1.464700 ms (FindLiveObjects: 0.112400 ms CreateObjectMapping: 0.026300 ms MarkObjects: 1.271700 ms  DeleteObjects: 0.053300 ms)

========================================================================
Received Prepare
Registering precompiled user dll's ...
Registered in 0.000769 seconds.
Begin MonoManager ReloadAssembly
Native extension for WindowsStandalone target not found
Refreshing native plugins compatible for Editor in 0.21 ms, found 0 plugins.
Preloading 0 native plugins for Editor in 0.00 ms.
Invoked RoslynAnalysisRunner static constructor.
RoslynAnalysisRunner will not be running.
RoslynAnalysisRunner has terminated.
Mono: successfully reloaded assembly
- Completed reload, in  0.696 seconds
Platform modules already initialized, skipping
Refreshing native plugins compatible for Editor in 0.25 ms, found 0 plugins.
Preloading 0 native plugins for Editor in 0.00 ms.
Unloading 1106 Unused Serialized files (Serialized files now loaded: 0)
System memory in use before: 81.7 MB.
System memory in use after: 81.8 MB.

Unloading 5 unused Assets to reduce memory usage. Loaded Objects now: 1647.
Total: 2.924300 ms (FindLiveObjects: 0.254600 ms CreateObjectMapping: 0.087600 ms MarkObjects: 2.475800 ms  DeleteObjects: 0.104000 ms)

========================================================================
Received Prepare
Registering precompiled user dll's ...
Registered in 0.000618 seconds.
Begin MonoManager ReloadAssembly
Native extension for WindowsStandalone target not found
Refreshing native plugins compatible for Editor in 0.21 ms, found 0 plugins.
Preloading 0 native plugins for Editor in 0.00 ms.
Invoked RoslynAnalysisRunner static constructor.
RoslynAnalysisRunner will not be running.
RoslynAnalysisRunner has terminated.
Mono: successfully reloaded assembly
- Completed reload, in  0.652 seconds
Platform modules already initialized, skipping
Refreshing native plugins compatible for Editor in 0.25 ms, found 0 plugins.
Preloading 0 native plugins for Editor in 0.00 ms.
Unloading 1106 Unused Serialized files (Serialized files now loaded: 0)
System memory in use before: 81.8 MB.
System memory in use after: 81.8 MB.

Unloading 5 unused Assets to reduce memory usage. Loaded Objects now: 1649.
Total: 1.477700 ms (FindLiveObjects: 0.114900 ms CreateObjectMapping: 0.028400 ms MarkObjects: 1.281700 ms  DeleteObjects: 0.052100 ms)

========================================================================
Received Prepare
Registering precompiled user dll's ...
Registered in 0.000704 seconds.
Begin MonoManager ReloadAssembly
Native extension for WindowsStandalone target not found
Refreshing native plugins compatible for Editor in 0.21 ms, found 0 plugins.
Preloading 0 native plugins for Editor in 0.00 ms.
Invoked RoslynAnalysisRunner static constructor.
RoslynAnalysisRunner will not be running.
RoslynAnalysisRunner has terminated.
Mono: successfully reloaded assembly
- Completed reload, in  0.613 seconds
Platform modules already initialized, skipping
Refreshing native plugins compatible for Editor in 0.20 ms, found 0 plugins.
Preloading 0 native plugins for Editor in 0.00 ms.
Unloading 1106 Unused Serialized files (Serialized files now loaded: 0)
System memory in use before: 81.8 MB.
System memory in use after: 81.8 MB.

Unloading 5 unused Assets to reduce memory usage. Loaded Objects now: 1651.
Total: 1.794700 ms (FindLiveObjects: 0.139500 ms CreateObjectMapping: 0.028400 ms MarkObjects: 1.560400 ms  DeleteObjects: 0.065300 ms)

========================================================================
Received Prepare
Registering precompiled user dll's ...
Registered in 0.000691 seconds.
Begin MonoManager ReloadAssembly
Native extension for WindowsStandalone target not found
Refreshing native plugins compatible for Editor in 0.22 ms, found 0 plugins.
Preloading 0 native plugins for Editor in 0.00 ms.
Invoked RoslynAnalysisRunner static constructor.
RoslynAnalysisRunner will not be running.
RoslynAnalysisRunner has terminated.
Mono: successfully reloaded assembly
- Completed reload, in  0.643 seconds
Platform modules already initialized, skipping
Refreshing native plugins compatible for Editor in 0.18 ms, found 0 plugins.
Preloading 0 native plugins for Editor in 0.00 ms.
Unloading 1106 Unused Serialized files (Serialized files now loaded: 0)
System memory in use before: 82.3 MB.
System memory in use after: 82.4 MB.

Unloading 5 unused Assets to reduce memory usage. Loaded Objects now: 1653.
Total: 1.450900 ms (FindLiveObjects: 0.132200 ms CreateObjectMapping: 0.028300 ms MarkObjects: 1.236300 ms  DeleteObjects: 0.053200 ms)

========================================================================
Received Prepare
Registering precompiled user dll's ...
Registered in 0.000642 seconds.
Begin MonoManager ReloadAssembly
Native extension for WindowsStandalone target not found
Refreshing native plugins compatible for Editor in 0.19 ms, found 0 plugins.
Preloading 0 native plugins for Editor in 0.00 ms.
Invoked RoslynAnalysisRunner static constructor.
RoslynAnalysisRunner will not be running.
RoslynAnalysisRunner has terminated.
Mono: successfully reloaded assembly
- Completed reload, in  0.619 seconds
Platform modules already initialized, skipping
Refreshing native plugins compatible for Editor in 0.21 ms, found 0 plugins.
Preloading 0 native plugins for Editor in 0.00 ms.
Unloading 1106 Unused Serialized files (Serialized files now loaded: 0)
System memory in use before: 81.8 MB.
System memory in use after: 81.9 MB.

Unloading 5 unused Assets to reduce memory usage. Loaded Objects now: 1655.
Total: 1.749500 ms (FindLiveObjects: 0.137900 ms CreateObjectMapping: 0.028900 ms MarkObjects: 1.523700 ms  DeleteObjects: 0.058300 ms)

========================================================================
Received Prepare
Registering precompiled user dll's ...
Registered in 0.000605 seconds.
Begin MonoManager ReloadAssembly
Native extension for WindowsStandalone target not found
Refreshing native plugins compatible for Editor in 0.19 ms, found 0 plugins.
Preloading 0 native plugins for Editor in 0.00 ms.
Invoked RoslynAnalysisRunner static constructor.
RoslynAnalysisRunner will not be running.
RoslynAnalysisRunner has terminated.
Mono: successfully reloaded assembly
- Completed reload, in  0.618 seconds
Platform modules already initialized, skipping
Refreshing native plugins compatible for Editor in 0.22 ms, found 0 plugins.
Preloading 0 native plugins for Editor in 0.00 ms.
Unloading 1106 Unused Serialized files (Serialized files now loaded: 0)
System memory in use before: 81.4 MB.
System memory in use after: 81.5 MB.

Unloading 5 unused Assets to reduce memory usage. Loaded Objects now: 1657.
Total: 1.548300 ms (FindLiveObjects: 0.118800 ms CreateObjectMapping: 0.029900 ms MarkObjects: 1.344800 ms  DeleteObjects: 0.054100 ms)

========================================================================
Received Import Request.
  Time since last request: 355.711244 seconds.
  path: Assets/Scenes/Particles.unity
  artifactKey: Guid(3b2e72eb59328f5459ff3c207372bc5b) Importer(815301076,1909f56bfc062723c751e8b465ee728b)
Start importing Assets/Scenes/Particles.unity using Guid(3b2e72eb59328f5459ff3c207372bc5b) Importer(815301076,1909f56bfc062723c751e8b465ee728b)  -> (artifact id: 'b3eb277554dab67dc709c895995c0c8f') in 0.013527 seconds
  Import took 0.015913 seconds .

========================================================================
Received Prepare
Registering precompiled user dll's ...
Registered in 0.000667 seconds.
Begin MonoManager ReloadAssembly
Native extension for WindowsStandalone target not found
Refreshing native plugins compatible for Editor in 0.19 ms, found 0 plugins.
Preloading 0 native plugins for Editor in 0.00 ms.
Invoked RoslynAnalysisRunner static constructor.
RoslynAnalysisRunner will not be running.
RoslynAnalysisRunner has terminated.
Mono: successfully reloaded assembly
- Completed reload, in  0.627 seconds
Platform modules already initialized, skipping
Refreshing native plugins compatible for Editor in 0.19 ms, found 0 plugins.
Preloading 0 native plugins for Editor in 0.00 ms.
Unloading 1106 Unused Serialized files (Serialized files now loaded: 0)
System memory in use before: 81.8 MB.
System memory in use after: 81.9 MB.

Unloading 5 unused Assets to reduce memory usage. Loaded Objects now: 1659.
Total: 1.426700 ms (FindLiveObjects: 0.123700 ms CreateObjectMapping: 0.030800 ms MarkObjects: 1.214300 ms  DeleteObjects: 0.057000 ms)

========================================================================
Received Import Request.
  Time since last request: 633.032863 seconds.
  path: Assets/Scenes/Title.unity
  artifactKey: Guid(9fc0d4010bbf28b4594072e72b8655ab) Importer(815301076,1909f56bfc062723c751e8b465ee728b)
Start importing Assets/Scenes/Title.unity using Guid(9fc0d4010bbf28b4594072e72b8655ab) Importer(815301076,1909f56bfc062723c751e8b465ee728b)  -> (artifact id: 'f9d74c718e0ffc689a6bf99bc68321f5') in 0.016766 seconds
  Import took 0.019074 seconds .

========================================================================
Received Import Request.
  Time since last request: 913.228017 seconds.
  path: Assets/Scripts/SceneManager.cs
  artifactKey: Guid(3da10e38ef5c078488ac08066eb04cd0) Importer(815301076,1909f56bfc062723c751e8b465ee728b)
Start importing Assets/Scripts/SceneManager.cs using Guid(3da10e38ef5c078488ac08066eb04cd0) Importer(815301076,1909f56bfc062723c751e8b465ee728b)  -> (artifact id: 'b7751c48550a893bbbf1e8fb059eb699') in 0.005593 seconds
  Import took 0.008093 seconds .

========================================================================
Received Import Request.
  Time since last request: 0.000758 seconds.
  path: Assets/Scripts/SceneManager.cs
  artifactKey: Guid(3da10e38ef5c078488ac08066eb04cd0) Importer(815301076,1909f56bfc062723c751e8b465ee728b)
Start importing Assets/Scripts/SceneManager.cs using Guid(3da10e38ef5c078488ac08066eb04cd0) Importer(815301076,1909f56bfc062723c751e8b465ee728b)  -> (artifact id: 'b7751c48550a893bbbf1e8fb059eb699') in 0.002068 seconds
  Import took 0.003729 seconds .

========================================================================
Received Prepare
Registering precompiled user dll's ...
Registered in 0.000665 seconds.
Begin MonoManager ReloadAssembly
Native extension for WindowsStandalone target not found
Refreshing native plugins compatible for Editor in 0.21 ms, found 0 plugins.
Preloading 0 native plugins for Editor in 0.00 ms.
Invoked RoslynAnalysisRunner static constructor.
RoslynAnalysisRunner will not be running.
RoslynAnalysisRunner has terminated.
Mono: successfully reloaded assembly
- Completed reload, in  0.620 seconds
Platform modules already initialized, skipping
Refreshing native plugins compatible for Editor in 0.19 ms, found 0 plugins.
Preloading 0 native plugins for Editor in 0.00 ms.
Unloading 1107 Unused Serialized files (Serialized files now loaded: 0)
System memory in use before: 81.5 MB.
System memory in use after: 81.6 MB.

Unloading 5 unused Assets to reduce memory usage. Loaded Objects now: 1662.
Total: 1.397500 ms (FindLiveObjects: 0.130200 ms CreateObjectMapping: 0.050300 ms MarkObjects: 1.159000 ms  DeleteObjects: 0.057200 ms)

========================================================================
Received Import Request.
  Time since last request: 377.309653 seconds.
  path: Assets/Scenes/Particles.unity
  artifactKey: Guid(3b2e72eb59328f5459ff3c207372bc5b) Importer(815301076,1909f56bfc062723c751e8b465ee728b)
Start importing Assets/Scenes/Particles.unity using Guid(3b2e72eb59328f5459ff3c207372bc5b) Importer(815301076,1909f56bfc062723c751e8b465ee728b)  -> (artifact id: '2db6582de5a82298540bfa20f70b109d') in 0.013629 seconds
  Import took 0.016491 seconds .

========================================================================
Received Import Request.
  Time since last request: 6.551691 seconds.
  path: Assets/Scenes/WaterSim.unity
  artifactKey: Guid(a48bb0d1315e66844bf6c24d02465d7e) Importer(815301076,1909f56bfc062723c751e8b465ee728b)
Start importing Assets/Scenes/WaterSim.unity using Guid(a48bb0d1315e66844bf6c24d02465d7e) Importer(815301076,1909f56bfc062723c751e8b465ee728b)  -> (artifact id: '347dd01f98b7e6561ffd5b64d7a4530a') in 0.005624 seconds
  Import took 0.007725 seconds .

========================================================================
Received Import Request.
  Time since last request: 5.556511 seconds.
  path: Assets/Scenes/Title.unity
  artifactKey: Guid(9fc0d4010bbf28b4594072e72b8655ab) Importer(815301076,1909f56bfc062723c751e8b465ee728b)
Start importing Assets/Scenes/Title.unity using Guid(9fc0d4010bbf28b4594072e72b8655ab) Importer(815301076,1909f56bfc062723c751e8b465ee728b)  -> (artifact id: '58282e7abf230e5a10c0387263a66372') in 0.002653 seconds
  Import took 0.004778 seconds .

========================================================================
Received Import Request.
  Time since last request: 0.000462 seconds.
  path: Assets/Scenes/Title.unity
  artifactKey: Guid(9fc0d4010bbf28b4594072e72b8655ab) Importer(815301076,1909f56bfc062723c751e8b465ee728b)
Start importing Assets/Scenes/Title.unity using Guid(9fc0d4010bbf28b4594072e72b8655ab) Importer(815301076,1909f56bfc062723c751e8b465ee728b)  -> (artifact id: '58282e7abf230e5a10c0387263a66372') in 0.002203 seconds
  Import took 0.003852 seconds .

========================================================================
Received Prepare
Registering precompiled user dll's ...
Registered in 0.000654 seconds.
Begin MonoManager ReloadAssembly
Native extension for WindowsStandalone target not found
Refreshing native plugins compatible for Editor in 0.20 ms, found 0 plugins.
Preloading 0 native plugins for Editor in 0.00 ms.
Invoked RoslynAnalysisRunner static constructor.
RoslynAnalysisRunner will not be running.
RoslynAnalysisRunner has terminated.
Mono: successfully reloaded assembly
- Completed reload, in  0.636 seconds
Platform modules already initialized, skipping
Refreshing native plugins compatible for Editor in 0.17 ms, found 0 plugins.
Preloading 0 native plugins for Editor in 0.00 ms.
Unloading 1107 Unused Serialized files (Serialized files now loaded: 0)
System memory in use before: 81.9 MB.
System memory in use after: 81.9 MB.

Unloading 5 unused Assets to reduce memory usage. Loaded Objects now: 1664.
Total: 1.351600 ms (FindLiveObjects: 0.116000 ms CreateObjectMapping: 0.028100 ms MarkObjects: 1.152900 ms  DeleteObjects: 0.053700 ms)

========================================================================
Received Prepare
Registering precompiled user dll's ...
Registered in 0.000665 seconds.
Begin MonoManager ReloadAssembly
Native extension for WindowsStandalone target not found
Refreshing native plugins compatible for Editor in 0.19 ms, found 0 plugins.
Preloading 0 native plugins for Editor in 0.00 ms.
Invoked RoslynAnalysisRunner static constructor.
RoslynAnalysisRunner will not be running.
RoslynAnalysisRunner has terminated.
Mono: successfully reloaded assembly
- Completed reload, in  0.618 seconds
Platform modules already initialized, skipping
Refreshing native plugins compatible for Editor in 0.20 ms, found 0 plugins.
Preloading 0 native plugins for Editor in 0.00 ms.
Unloading 1107 Unused Serialized files (Serialized files now loaded: 0)
System memory in use before: 81.6 MB.
System memory in use after: 81.7 MB.

Unloading 5 unused Assets to reduce memory usage. Loaded Objects now: 1666.
Total: 1.627600 ms (FindLiveObjects: 0.143400 ms CreateObjectMapping: 0.032800 ms MarkObjects: 1.383400 ms  DeleteObjects: 0.067000 ms)

========================================================================
Received Import Request.
  Time since last request: 6197.426345 seconds.
  path: Assets/Scenes/WaterSim.unity
  artifactKey: Guid(a48bb0d1315e66844bf6c24d02465d7e) Importer(815301076,1909f56bfc062723c751e8b465ee728b)
Start importing Assets/Scenes/WaterSim.unity using Guid(a48bb0d1315e66844bf6c24d02465d7e) Importer(815301076,1909f56bfc062723c751e8b465ee728b)  -> (artifact id: '26c3bc7e45023a1b020e56bb821d253d') in 0.086692 seconds
  Import took 0.135158 seconds .

========================================================================
Received Prepare
Registering precompiled user dll's ...
Registered in 0.000738 seconds.
Begin MonoManager ReloadAssembly
Native extension for WindowsStandalone target not found
Refreshing native plugins compatible for Editor in 0.22 ms, found 0 plugins.
Preloading 0 native plugins for Editor in 0.00 ms.
Invoked RoslynAnalysisRunner static constructor.
RoslynAnalysisRunner will not be running.
RoslynAnalysisRunner has terminated.
Mono: successfully reloaded assembly
- Completed reload, in  0.717 seconds
Platform modules already initialized, skipping
Refreshing native plugins compatible for Editor in 0.20 ms, found 0 plugins.
Preloading 0 native plugins for Editor in 0.00 ms.
Unloading 1107 Unused Serialized files (Serialized files now loaded: 0)
System memory in use before: 81.9 MB.
System memory in use after: 81.9 MB.

Unloading 5 unused Assets to reduce memory usage. Loaded Objects now: 1668.
Total: 1.709200 ms (FindLiveObjects: 0.125700 ms CreateObjectMapping: 0.032900 ms MarkObjects: 1.270300 ms  DeleteObjects: 0.279500 ms)

========================================================================
Received Prepare
Registering precompiled user dll's ...
Registered in 0.000764 seconds.
Begin MonoManager ReloadAssembly
Native extension for WindowsStandalone target not found
Refreshing native plugins compatible for Editor in 0.19 ms, found 0 plugins.
Preloading 0 native plugins for Editor in 0.00 ms.
Invoked RoslynAnalysisRunner static constructor.
RoslynAnalysisRunner will not be running.
RoslynAnalysisRunner has terminated.
Mono: successfully reloaded assembly
- Completed reload, in  0.657 seconds
Platform modules already initialized, skipping
Refreshing native plugins compatible for Editor in 0.20 ms, found 0 plugins.
Preloading 0 native plugins for Editor in 0.00 ms.
Unloading 1107 Unused Serialized files (Serialized files now loaded: 0)
System memory in use before: 81.7 MB.
System memory in use after: 81.7 MB.

Unloading 5 unused Assets to reduce memory usage. Loaded Objects now: 1670.
Total: 1.605800 ms (FindLiveObjects: 0.173500 ms CreateObjectMapping: 0.039600 ms MarkObjects: 1.326600 ms  DeleteObjects: 0.065100 ms)

========================================================================
Received Prepare
Registering precompiled user dll's ...
Registered in 0.000703 seconds.
Begin MonoManager ReloadAssembly
Native extension for WindowsStandalone target not found
Refreshing native plugins compatible for Editor in 0.21 ms, found 0 plugins.
Preloading 0 native plugins for Editor in 0.00 ms.
Invoked RoslynAnalysisRunner static constructor.
RoslynAnalysisRunner will not be running.
RoslynAnalysisRunner has terminated.
Mono: successfully reloaded assembly
- Completed reload, in  0.636 seconds
Platform modules already initialized, skipping
Refreshing native plugins compatible for Editor in 0.18 ms, found 0 plugins.
Preloading 0 native plugins for Editor in 0.00 ms.
Unloading 1107 Unused Serialized files (Serialized files now loaded: 0)
System memory in use before: 81.9 MB.
System memory in use after: 82.0 MB.

Unloading 5 unused Assets to reduce memory usage. Loaded Objects now: 1672.
Total: 2.339000 ms (FindLiveObjects: 0.151400 ms CreateObjectMapping: 0.034900 ms MarkObjects: 2.077300 ms  DeleteObjects: 0.073900 ms)

========================================================================
Received Prepare
Registering precompiled user dll's ...
Registered in 0.000755 seconds.
Begin MonoManager ReloadAssembly
Native extension for WindowsStandalone target not found
Refreshing native plugins compatible for Editor in 0.19 ms, found 0 plugins.
Preloading 0 native plugins for Editor in 0.00 ms.
Invoked RoslynAnalysisRunner static constructor.
RoslynAnalysisRunner will not be running.
RoslynAnalysisRunner has terminated.
Mono: successfully reloaded assembly
- Completed reload, in  0.661 seconds
Platform modules already initialized, skipping
Refreshing native plugins compatible for Editor in 0.35 ms, found 0 plugins.
Preloading 0 native plugins for Editor in 0.00 ms.
Unloading 1107 Unused Serialized files (Serialized files now loaded: 0)
System memory in use before: 81.7 MB.
System memory in use after: 81.8 MB.

Unloading 5 unused Assets to reduce memory usage. Loaded Objects now: 1674.
Total: 1.501400 ms (FindLiveObjects: 0.148100 ms CreateObjectMapping: 0.035100 ms MarkObjects: 1.256500 ms  DeleteObjects: 0.060800 ms)

========================================================================
Received Prepare
Registering precompiled user dll's ...
Registered in 0.000669 seconds.
Begin MonoManager ReloadAssembly
Native extension for WindowsStandalone target not found
Refreshing native plugins compatible for Editor in 0.19 ms, found 0 plugins.
Preloading 0 native plugins for Editor in 0.00 ms.
Invoked RoslynAnalysisRunner static constructor.
RoslynAnalysisRunner will not be running.
RoslynAnalysisRunner has terminated.
Mono: successfully reloaded assembly
- Completed reload, in  0.637 seconds
Platform modules already initialized, skipping
Refreshing native plugins compatible for Editor in 0.18 ms, found 0 plugins.
Preloading 0 native plugins for Editor in 0.00 ms.
Unloading 1107 Unused Serialized files (Serialized files now loaded: 0)
System memory in use before: 81.9 MB.
System memory in use after: 82.0 MB.

Unloading 5 unused Assets to reduce memory usage. Loaded Objects now: 1676.
Total: 1.535000 ms (FindLiveObjects: 0.234900 ms CreateObjectMapping: 0.056700 ms MarkObjects: 1.185600 ms  DeleteObjects: 0.056800 ms)

========================================================================
Received Prepare
Registering precompiled user dll's ...
Registered in 0.000732 seconds.
Begin MonoManager ReloadAssembly
Native extension for WindowsStandalone target not found
Refreshing native plugins compatible for Editor in 0.20 ms, found 0 plugins.
Preloading 0 native plugins for Editor in 0.00 ms.
Invoked RoslynAnalysisRunner static constructor.
RoslynAnalysisRunner will not be running.
RoslynAnalysisRunner has terminated.
Mono: successfully reloaded assembly
- Completed reload, in  0.761 seconds
Platform modules already initialized, skipping
Refreshing native plugins compatible for Editor in 0.19 ms, found 0 plugins.
Preloading 0 native plugins for Editor in 0.00 ms.
Unloading 1107 Unused Serialized files (Serialized files now loaded: 0)
System memory in use before: 81.8 MB.
System memory in use after: 81.9 MB.

Unloading 5 unused Assets to reduce memory usage. Loaded Objects now: 1678.
Total: 1.833900 ms (FindLiveObjects: 0.155800 ms CreateObjectMapping: 0.099300 ms MarkObjects: 1.508700 ms  DeleteObjects: 0.069200 ms)

========================================================================
Received Prepare
Registering precompiled user dll's ...
Registered in 0.000681 seconds.
Begin MonoManager ReloadAssembly
Native extension for WindowsStandalone target not found
Refreshing native plugins compatible for Editor in 0.20 ms, found 0 plugins.
Preloading 0 native plugins for Editor in 0.00 ms.
Invoked RoslynAnalysisRunner static constructor.
RoslynAnalysisRunner will not be running.
RoslynAnalysisRunner has terminated.
Mono: successfully reloaded assembly
- Completed reload, in  0.642 seconds
Platform modules already initialized, skipping
Refreshing native plugins compatible for Editor in 0.18 ms, found 0 plugins.
Preloading 0 native plugins for Editor in 0.00 ms.
Unloading 1107 Unused Serialized files (Serialized files now loaded: 0)
System memory in use before: 81.9 MB.
System memory in use after: 82.0 MB.

Unloading 5 unused Assets to reduce memory usage. Loaded Objects now: 1680.
Total: 1.721300 ms (FindLiveObjects: 0.184000 ms CreateObjectMapping: 0.057600 ms MarkObjects: 1.420100 ms  DeleteObjects: 0.058700 ms)

========================================================================
Received Import Request.
  Time since last request: 2302.395086 seconds.
  path: Assets/WaterSimAssets/Resources/Cell.prefab
  artifactKey: Guid(6078e622ca9a0eb469e237588e34c57c) Importer(815301076,1909f56bfc062723c751e8b465ee728b)
Start importing Assets/WaterSimAssets/Resources/Cell.prefab using Guid(6078e622ca9a0eb469e237588e34c57c) Importer(815301076,1909f56bfc062723c751e8b465ee728b)  -> (artifact id: '5c56e69201a4425a09828539e46df9a4') in 0.060096 seconds
  Import took 0.062120 seconds .

========================================================================
Received Prepare
Registering precompiled user dll's ...
Registered in 0.000729 seconds.
Begin MonoManager ReloadAssembly
Native extension for WindowsStandalone target not found
Refreshing native plugins compatible for Editor in 0.21 ms, found 0 plugins.
Preloading 0 native plugins for Editor in 0.00 ms.
Invoked RoslynAnalysisRunner static constructor.
RoslynAnalysisRunner will not be running.
RoslynAnalysisRunner has terminated.
Mono: successfully reloaded assembly
- Completed reload, in  0.631 seconds
Platform modules already initialized, skipping
Refreshing native plugins compatible for Editor in 0.22 ms, found 0 plugins.
Preloading 0 native plugins for Editor in 0.00 ms.
Unloading 1107 Unused Serialized files (Serialized files now loaded: 0)
System memory in use before: 81.9 MB.
System memory in use after: 82.0 MB.

Unloading 5 unused Assets to reduce memory usage. Loaded Objects now: 1683.
Total: 1.311900 ms (FindLiveObjects: 0.118000 ms CreateObjectMapping: 0.029900 ms MarkObjects: 1.108700 ms  DeleteObjects: 0.054600 ms)

========================================================================
Received Prepare
Registering precompiled user dll's ...
Registered in 0.000711 seconds.
Begin MonoManager ReloadAssembly
Native extension for WindowsStandalone target not found
Refreshing native plugins compatible for Editor in 0.30 ms, found 0 plugins.
Preloading 0 native plugins for Editor in 0.00 ms.
Invoked RoslynAnalysisRunner static constructor.
RoslynAnalysisRunner will not be running.
RoslynAnalysisRunner has terminated.
Mono: successfully reloaded assembly
- Completed reload, in  0.693 seconds
Platform modules already initialized, skipping
Refreshing native plugins compatible for Editor in 0.19 ms, found 0 plugins.
Preloading 0 native plugins for Editor in 0.00 ms.
Unloading 1107 Unused Serialized files (Serialized files now loaded: 0)
System memory in use before: 81.9 MB.
System memory in use after: 82.0 MB.

Unloading 5 unused Assets to reduce memory usage. Loaded Objects now: 1685.
Total: 2.506300 ms (FindLiveObjects: 0.465200 ms CreateObjectMapping: 0.132000 ms MarkObjects: 1.812200 ms  DeleteObjects: 0.094700 ms)

========================================================================
Received Prepare
Registering precompiled user dll's ...
Registered in 0.000738 seconds.
Begin MonoManager ReloadAssembly
Native extension for WindowsStandalone target not found
Refreshing native plugins compatible for Editor in 0.19 ms, found 0 plugins.
Preloading 0 native plugins for Editor in 0.00 ms.
Invoked RoslynAnalysisRunner static constructor.
RoslynAnalysisRunner will not be running.
RoslynAnalysisRunner has terminated.
Mono: successfully reloaded assembly
- Completed reload, in  0.635 seconds
Platform modules already initialized, skipping
Refreshing native plugins compatible for Editor in 0.20 ms, found 0 plugins.
Preloading 0 native plugins for Editor in 0.00 ms.
Unloading 1107 Unused Serialized files (Serialized files now loaded: 0)
System memory in use before: 81.9 MB.
System memory in use after: 82.0 MB.

Unloading 5 unused Assets to reduce memory usage. Loaded Objects now: 1687.
Total: 1.884900 ms (FindLiveObjects: 0.313400 ms CreateObjectMapping: 0.092900 ms MarkObjects: 1.406300 ms  DeleteObjects: 0.071200 ms)

AssetImportWorkerClient::OnTransportError - code=2 error=End of file
